#
# A fatal error has been detected by the Java Runtime Environment:
#
#  EXCEPTION_ACCESS_VIOLATION (0xc0000005) at pc=0xffffffffa48c5120, pid=3652, tid=0x0000000000000aa4
#
# JRE version: OpenJDK Runtime Environment (8.0_76-b03) (build 1.8.0_76-release-b03)
# Java VM: OpenJDK 64-Bit Server VM (25.76-b03 mixed mode windows-amd64 compressed oops)
# Problematic frame:
# C  0xffffffffa48c5120
#
# Failed to write core dump. Minidumps are not enabled by default on client versions of Windows
#
# If you would like to submit a bug report, please visit:
#   http://bugreport.java.com/bugreport/crash.jsp
#

---------------  T H R E A D  ---------------

Current thread (0x000000005b7cb000):  JavaThread "Daemon worker Thread 2" [_thread_in_Java, id=2724, stack(0x000000005cc10000,0x000000005cd10000)]

siginfo: ExceptionCode=0xc0000005, ExceptionInformation=0x0000000000000008 0xffffffffa48c5120

Registers:
RAX=0x0000000000004b66, RBX=0x0000000000000138, RCX=0x0000000000003450, RDX=0x00000000e09d3520
RSP=0x000000005cd0c258, RBP=0x000000005cd0c488, RSI=0x00000000e09d34f8, RDI=0x00000000e09d3520
R8 =0x00000000f371cba8, R9 =0x0000000000000000, R10=0x00000000e09d34c0, R11=0x0000000000704e9a
R12=0x0000000000000000, R13=0x000000005cd0c438, R14=0x0000000000000000, R15=0x000000005b7cb000
RIP=0xffffffffa48c5120, EFLAGS=0x0000000000010216

Top of Stack: (sp=0x000000005cd0c258)
0x000000005cd0c258:   00000000046af8c4 000000005cd0c488
0x000000005cd0c268:   000000000478c55c 00000000e09d33b8
0x000000005cd0c278:   0000000000000000 000000005cd0c488
0x000000005cd0c288:   00000000046b8e3c 000000005cd0c488
0x000000005cd0c298:   00000000046b1d1c 00000000f3a5ad50
0x000000005cd0c2a8:   00000000e08d9800 00000000e09d3520
0x000000005cd0c2b8:   00000000e09d34f8 0000000000000001
0x000000005cd0c2c8:   00000000e08d9800 00000000e09d34f8
0x000000005cd0c2d8:   00000000e09d2570 00000000e09d34c0
0x000000005cd0c2e8:   000000000362afbc 0000000015a72948
0x000000005cd0c2f8:   00000000f3a46658 00000000f371cba8
0x000000005cd0c308:   00000000e08d9800 0000000015ff12d8
0x000000005cd0c318:   000000000478b18d 000000005cd0c488
0x000000005cd0c328:   000000000478b2c4 00000000e09d2570
0x000000005cd0c338:   0000000000000000 00000000a095cd20
0x000000005cd0c348:   00000000046bd3ac 00000000f3a46250 

Instructions: (pc=0xffffffffa48c5120)
0xffffffffa48c5100:   
[error occurred during error reporting (printing registers, top of stack, instructions near pc), id 0xc0000005]

Register to memory mapping:

RAX=0x0000000000004b66 is an unknown value
RBX=0x0000000000000138 is an unknown value
RCX=0x0000000000003450 is an unknown value
RDX=0x00000000e09d3520 is an oop
com.sun.org.apache.xerces.internal.dom.AttributeMap 
 - klass: 'com/sun/org/apache/xerces/internal/dom/AttributeMap'
RSP=0x000000005cd0c258 is pointing into the stack for thread: 0x000000005b7cb000
RBP=0x000000005cd0c488 is pointing into the stack for thread: 0x000000005b7cb000
RSI=0x00000000e09d34f8 is an oop
com.sun.org.apache.xerces.internal.dom.AttrImpl 
 - klass: 'com/sun/org/apache/xerces/internal/dom/AttrImpl'
RDI=0x00000000e09d3520 is an oop
com.sun.org.apache.xerces.internal.dom.AttributeMap 
 - klass: 'com/sun/org/apache/xerces/internal/dom/AttributeMap'
R8 =0x00000000f371cba8 is an oop
java.lang.String 
 - klass: 'java/lang/String'
R9 =0x0000000000000000 is an unknown value
R10=0x00000000e09d34c0 is an oop
com.sun.org.apache.xerces.internal.dom.ElementImpl 
 - klass: 'com/sun/org/apache/xerces/internal/dom/ElementImpl'
R11=0x0000000000704e9a is an unknown value
R12=0x0000000000000000 is an unknown value
R13=0x000000005cd0c438 is pointing into the stack for thread: 0x000000005b7cb000
R14=0x0000000000000000 is an unknown value
R15=0x000000005b7cb000 is a thread


Stack: [0x000000005cc10000,0x000000005cd10000],  sp=0x000000005cd0c258,  free space=1008k
Native frames: (J=compiled Java code, j=interpreted, Vv=VM code, C=native code)
C  0xffffffffa48c5120


---------------  P R O C E S S  ---------------

Java Threads: ( => current thread )
  0x0000000059361000 JavaThread "pool-4-thread-2" [_thread_blocked, id=5840, stack(0x000000005ad00000,0x000000005ae00000)]
  0x0000000059360800 JavaThread "pool-4-thread-1" [_thread_blocked, id=1560, stack(0x000000005a830000,0x000000005a930000)]
  0x000000005b7cd800 JavaThread "Asynchronous log dispatcher for org.gradle.launcher.daemon.server.DefaultDaemonConnection@69fcc9df" [_thread_blocked, id=5888, stack(0x000000005a420000,0x000000005a520000)]
  0x000000005b7ca800 JavaThread "Cancel handler" [_thread_blocked, id=2468, stack(0x000000005a970000,0x000000005aa70000)]
  0x000000005b7c9800 JavaThread "Handler for socket connection from /127.0.0.1:50691 to /127.0.0.1:50739" [_thread_in_native, id=1228, stack(0x000000005a730000,0x000000005a830000)]
=>0x000000005b7cb000 JavaThread "Daemon worker Thread 2" [_thread_in_Java, id=2724, stack(0x000000005cc10000,0x000000005cd10000)]
  0x000000005b7c9000 JavaThread "Daemon Thread 2" [_thread_blocked, id=3428, stack(0x000000005a540000,0x000000005a640000)]
  0x000000005788d000 JavaThread "File lock request listener" [_thread_in_native, id=2568, stack(0x0000000059530000,0x0000000059630000)]
  0x00000000588cb800 JavaThread "pool-1-thread-1" [_thread_blocked, id=3688, stack(0x0000000059750000,0x0000000059850000)]
  0x0000000057c1b800 JavaThread "Incoming local TCP Connector on port 50691" [_thread_in_native, id=324, stack(0x0000000059860000,0x0000000059960000)]
  0x00000000561ee800 JavaThread "Service Thread" daemon [_thread_blocked, id=3184, stack(0x0000000057620000,0x0000000057720000)]
  0x00000000561e9800 JavaThread "C1 CompilerThread1" daemon [_thread_blocked, id=5088, stack(0x00000000572f0000,0x00000000573f0000)]
  0x00000000561e7000 JavaThread "C2 CompilerThread0" daemon [_thread_in_native, id=5952, stack(0x0000000057470000,0x0000000057570000)]
  0x00000000561e5800 JavaThread "Attach Listener" daemon [_thread_blocked, id=1424, stack(0x00000000571f0000,0x00000000572f0000)]
  0x00000000561f4000 JavaThread "Signal Dispatcher" daemon [_thread_blocked, id=4100, stack(0x0000000057000000,0x0000000057100000)]
  0x00000000561c6800 JavaThread "Finalizer" daemon [_thread_blocked, id=3640, stack(0x0000000056db0000,0x0000000056eb0000)]
  0x0000000056183000 JavaThread "Reference Handler" daemon [_thread_blocked, id=592, stack(0x0000000056a70000,0x0000000056b70000)]
  0x000000000220e800 JavaThread "main" [_thread_blocked, id=5052, stack(0x00000000024f0000,0x00000000025f0000)]

Other Threads:
  0x000000005617a800 VMThread [stack: 0x0000000056b70000,0x0000000056c70000] [id=3856]
  0x000000005624e000 WatcherThread [stack: 0x0000000057720000,0x0000000057820000] [id=1828]

VM state:not at safepoint (normal execution)

VM Mutex/Monitor currently owned by a thread: None

Heap:
 PSYoungGen      total 332800K, used 26097K [0x00000000e0000000, 0x00000000fc280000, 0x0000000100000000)
  eden space 311808K, 3% used [0x00000000e0000000,0x00000000e0aa2a78,0x00000000f3080000)
  from space 20992K, 72% used [0x00000000f3080000,0x00000000f3f59c20,0x00000000f4500000)
  to   space 22016K, 0% used [0x00000000fad00000,0x00000000fad00000,0x00000000fc280000)
 ParOldGen       total 86528K, used 59702K [0x00000000a0000000, 0x00000000a5480000, 0x00000000e0000000)
  object space 86528K, 68% used [0x00000000a0000000,0x00000000a3a4db00,0x00000000a5480000)
 Metaspace       used 71139K, capacity 74476K, committed 74672K, reserved 1114112K
  class space    used 9381K, capacity 10068K, committed 10160K, reserved 1048576K

Card table byte_map: [0x0000000011c80000,0x0000000011f90000] byte_map_base: 0x0000000011780000

Marking Bits: (ParMarkBitMap*) 0x000000005a369d00
 Begin Bits: [0x0000000012550000, 0x0000000013d50000)
 End Bits:   [0x0000000013d50000, 0x0000000015550000)

Polling page: 0x0000000000340000

CodeCache: size=245760Kb used=31859Kb max_used=31870Kb free=213900Kb
 bounds [0x00000000028c0000, 0x0000000004810000, 0x00000000118c0000]
 total_blobs=10214 nmethods=9479 adapters=648
 compilation: enabled

Compilation events (10 events):
Event: 362.094 Thread 0x00000000561e7000 nmethod 11227 0x00000000041fb690 code [0x00000000041fb7c0, 0x00000000041fb918]
Event: 362.094 Thread 0x00000000561e7000 11239       4       com.sun.org.apache.xerces.internal.dom.ElementImpl::getAttributes (36 bytes)
Event: 362.096 Thread 0x00000000561e9800 nmethod 11240 0x0000000004804c10 code [0x00000000048050a0, 0x0000000004807c78]
Event: 362.099 Thread 0x00000000561e9800 11243       3       com.android.ide.common.res2.ResourceItem::getDetailsXml (9 bytes)
Event: 362.099 Thread 0x00000000561e9800 nmethod 11243 0x0000000002d118d0 code [0x0000000002d11a40, 0x0000000002d11c78]
Event: 362.100 Thread 0x00000000561e7000 nmethod 11239 0x0000000002d110d0 code [0x0000000002d11240, 0x0000000002d11538]
Event: 362.100 Thread 0x00000000561e7000 11242       4       com.sun.org.apache.xerces.internal.dom.CoreDocumentImpl::isKidOK (63 bytes)
Event: 362.102 Thread 0x00000000561e7000 nmethod 11242 0x00000000041fb250 code [0x00000000041fb3a0, 0x00000000041fb4b8]
Event: 362.102 Thread 0x00000000561e7000 11244       4       com.sun.org.apache.xerces.internal.dom.NamedNodeMapImpl::findNamePoint (108 bytes)
Event: 362.107 Thread 0x00000000561e7000 nmethod 11244 0x0000000002b07cd0 code [0x0000000002b07e20, 0x0000000002b08118]

GC Heap History (10 events):
Event: 277.781 GC heap before
{Heap before GC invocations=16 (full 4):
 PSYoungGen      total 243712K, used 226304K [0x00000000e0000000, 0x00000000f0000000, 0x0000000100000000)
  eden space 226304K, 100% used [0x00000000e0000000,0x00000000edd00000,0x00000000edd00000)
  from space 17408K, 0% used [0x00000000eef00000,0x00000000eef00000,0x00000000f0000000)
  to   space 17920K, 0% used [0x00000000edd00000,0x00000000edd00000,0x00000000eee80000)
 ParOldGen       total 49152K, used 40534K [0x00000000a0000000, 0x00000000a3000000, 0x00000000e0000000)
  object space 49152K, 82% used [0x00000000a0000000,0x00000000a27959a8,0x00000000a3000000)
 Metaspace       used 55091K, capacity 57362K, committed 57648K, reserved 1099776K
  class space    used 7413K, capacity 7883K, committed 7984K, reserved 1048576K
Event: 278.291 GC heap after
Heap after GC invocations=16 (full 4):
 PSYoungGen      total 243712K, used 0K [0x00000000e0000000, 0x00000000f0000000, 0x0000000100000000)
  eden space 226304K, 0% used [0x00000000e0000000,0x00000000e0000000,0x00000000edd00000)
  from space 17408K, 0% used [0x00000000eef00000,0x00000000eef00000,0x00000000f0000000)
  to   space 17920K, 0% used [0x00000000edd00000,0x00000000edd00000,0x00000000eee80000)
 ParOldGen       total 86528K, used 45842K [0x00000000a0000000, 0x00000000a5480000, 0x00000000e0000000)
  object space 86528K, 52% used [0x00000000a0000000,0x00000000a2cc4970,0x00000000a5480000)
 Metaspace       used 55091K, capacity 57362K, committed 57648K, reserved 1099776K
  class space    used 7413K, capacity 7883K, committed 7984K, reserved 1048576K
}
Event: 285.323 GC heap before
{Heap before GC invocations=17 (full 4):
 PSYoungGen      total 243712K, used 226304K [0x00000000e0000000, 0x00000000f0000000, 0x0000000100000000)
  eden space 226304K, 100% used [0x00000000e0000000,0x00000000edd00000,0x00000000edd00000)
  from space 17408K, 0% used [0x00000000eef00000,0x00000000eef00000,0x00000000f0000000)
  to   space 17920K, 0% used [0x00000000edd00000,0x00000000edd00000,0x00000000eee80000)
 ParOldGen       total 86528K, used 45842K [0x00000000a0000000, 0x00000000a5480000, 0x00000000e0000000)
  object space 86528K, 52% used [0x00000000a0000000,0x00000000a2cc4970,0x00000000a5480000)
 Metaspace       used 65116K, capacity 67864K, committed 68144K, reserved 1107968K
  class space    used 8706K, capacity 9239K, committed 9264K, reserved 1048576K
Event: 285.385 GC heap after
Heap after GC invocations=17 (full 4):
 PSYoungGen      total 244224K, used 17888K [0x00000000e0000000, 0x00000000f5a80000, 0x0000000100000000)
  eden space 226304K, 0% used [0x00000000e0000000,0x00000000e0000000,0x00000000edd00000)
  from space 17920K, 99% used [0x00000000edd00000,0x00000000eee78308,0x00000000eee80000)
  to   space 21504K, 0% used [0x00000000f4580000,0x00000000f4580000,0x00000000f5a80000)
 ParOldGen       total 86528K, used 49318K [0x00000000a0000000, 0x00000000a5480000, 0x00000000e0000000)
  object space 86528K, 56% used [0x00000000a0000000,0x00000000a3029990,0x00000000a5480000)
 Metaspace       used 65116K, capacity 67864K, committed 68144K, reserved 1107968K
  class space    used 8706K, capacity 9239K, committed 9264K, reserved 1048576K
}
Event: 288.593 GC heap before
{Heap before GC invocations=18 (full 4):
 PSYoungGen      total 244224K, used 88307K [0x00000000e0000000, 0x00000000f5a80000, 0x0000000100000000)
  eden space 226304K, 31% used [0x00000000e0000000,0x00000000e44c4c60,0x00000000edd00000)
  from space 17920K, 99% used [0x00000000edd00000,0x00000000eee78308,0x00000000eee80000)
  to   space 21504K, 0% used [0x00000000f4580000,0x00000000f4580000,0x00000000f5a80000)
 ParOldGen       total 86528K, used 49318K [0x00000000a0000000, 0x00000000a5480000, 0x00000000e0000000)
  object space 86528K, 56% used [0x00000000a0000000,0x00000000a3029990,0x00000000a5480000)
 Metaspace       used 68574K, capacity 71748K, committed 71856K, reserved 1112064K
  class space    used 9152K, capacity 9798K, committed 9904K, reserved 1048576K
Event: 288.655 GC heap after
Heap after GC invocations=18 (full 4):
 PSYoungGen      total 332288K, used 8113K [0x00000000e0000000, 0x00000000f5980000, 0x0000000100000000)
  eden space 311808K, 0% used [0x00000000e0000000,0x00000000e0000000,0x00000000f3080000)
  from space 20480K, 39% used [0x00000000f4580000,0x00000000f4d6c5d8,0x00000000f5980000)
  to   space 20992K, 0% used [0x00000000f3080000,0x00000000f3080000,0x00000000f4500000)
 ParOldGen       total 86528K, used 59264K [0x00000000a0000000, 0x00000000a5480000, 0x00000000e0000000)
  object space 86528K, 68% used [0x00000000a0000000,0x00000000a39e0120,0x00000000a5480000)
 Metaspace       used 68574K, capacity 71748K, committed 71856K, reserved 1112064K
  class space    used 9152K, capacity 9798K, committed 9904K, reserved 1048576K
}
Event: 288.655 GC heap before
{Heap before GC invocations=19 (full 5):
 PSYoungGen      total 332288K, used 8113K [0x00000000e0000000, 0x00000000f5980000, 0x0000000100000000)
  eden space 311808K, 0% used [0x00000000e0000000,0x00000000e0000000,0x00000000f3080000)
  from space 20480K, 39% used [0x00000000f4580000,0x00000000f4d6c5d8,0x00000000f5980000)
  to   space 20992K, 0% used [0x00000000f3080000,0x00000000f3080000,0x00000000f4500000)
 ParOldGen       total 86528K, used 59264K [0x00000000a0000000, 0x00000000a5480000, 0x00000000e0000000)
  object space 86528K, 68% used [0x00000000a0000000,0x00000000a39e0120,0x00000000a5480000)
 Metaspace       used 68574K, capacity 71748K, committed 71856K, reserved 1112064K
  class space    used 9152K, capacity 9798K, committed 9904K, reserved 1048576K
Event: 289.344 GC heap after
Heap after GC invocations=19 (full 5):
 PSYoungGen      total 332288K, used 0K [0x00000000e0000000, 0x00000000f5980000, 0x0000000100000000)
  eden space 311808K, 0% used [0x00000000e0000000,0x00000000e0000000,0x00000000f3080000)
  from space 20480K, 0% used [0x00000000f4580000,0x00000000f4580000,0x00000000f5980000)
  to   space 20992K, 0% used [0x00000000f3080000,0x00000000f3080000,0x00000000f4500000)
 ParOldGen       total 86528K, used 59694K [0x00000000a0000000, 0x00000000a5480000, 0x00000000e0000000)
  object space 86528K, 68% used [0x00000000a0000000,0x00000000a3a4bb00,0x00000000a5480000)
 Metaspace       used 68547K, capacity 71660K, committed 71856K, reserved 1112064K
  class space    used 9144K, capacity 9790K, committed 9904K, reserved 1048576K
}
Event: 360.451 GC heap before
{Heap before GC invocations=20 (full 5):
 PSYoungGen      total 332288K, used 311808K [0x00000000e0000000, 0x00000000f5980000, 0x0000000100000000)
  eden space 311808K, 100% used [0x00000000e0000000,0x00000000f3080000,0x00000000f3080000)
  from space 20480K, 0% used [0x00000000f4580000,0x00000000f4580000,0x00000000f5980000)
  to   space 20992K, 0% used [0x00000000f3080000,0x00000000f3080000,0x00000000f4500000)
 ParOldGen       total 86528K, used 59694K [0x00000000a0000000, 0x00000000a5480000, 0x00000000e0000000)
  object space 86528K, 68% used [0x00000000a0000000,0x00000000a3a4bb00,0x00000000a5480000)
 Metaspace       used 71122K, capacity 74476K, committed 74672K, reserved 1114112K
  class space    used 9380K, capacity 10068K, committed 10160K, reserved 1048576K
Event: 360.528 GC heap after
Heap after GC invocations=20 (full 5):
 PSYoungGen      total 332800K, used 15207K [0x00000000e0000000, 0x00000000fc280000, 0x0000000100000000)
  eden space 311808K, 0% used [0x00000000e0000000,0x00000000e0000000,0x00000000f3080000)
  from space 20992K, 72% used [0x00000000f3080000,0x00000000f3f59c20,0x00000000f4500000)
  to   space 22016K, 0% used [0x00000000fad00000,0x00000000fad00000,0x00000000fc280000)
 ParOldGen       total 86528K, used 59702K [0x00000000a0000000, 0x00000000a5480000, 0x00000000e0000000)
  object space 86528K, 68% used [0x00000000a0000000,0x00000000a3a4db00,0x00000000a5480000)
 Metaspace       used 71122K, capacity 74476K, committed 74672K, reserved 1114112K
  class space    used 9380K, capacity 10068K, committed 10160K, reserved 1048576K
}

Deoptimization events (10 events):
Event: 342.758 Thread 0x000000005b7cb000 Uncommon trap: reason=bimorphic action=maybe_recompile pc=0x000000000472422c method=com.sun.org.apache.xerces.internal.dom.NodeImpl.changed()V @ 1
Event: 342.758 Thread 0x000000005b7cb000 Uncommon trap: reason=bimorphic action=maybe_recompile pc=0x000000000470a7e8 method=com.sun.org.apache.xerces.internal.dom.CoreDocumentImpl.isKidOK(Lorg/w3c/dom/Node;Lorg/w3c/dom/Node;)Z @ 39
Event: 342.758 Thread 0x000000005b7cb000 Uncommon trap: reason=bimorphic action=maybe_recompile pc=0x000000000472422c method=com.sun.org.apache.xerces.internal.dom.NodeImpl.changed()V @ 1
Event: 343.677 Thread 0x0000000059365800 Uncommon trap: reason=unstable_if action=reinterpret pc=0x00000000037a7f78 method=java.util.regex.Matcher.appendReplacement(Ljava/lang/StringBuffer;Ljava/lang/String;)Ljava/util/regex/Matcher; @ 47
Event: 344.041 Thread 0x000000005b7cb000 Uncommon trap: reason=null_check action=make_not_entrant pc=0x00000000038721d4 method=com.android.ide.common.res2.NodeUtils.processSingleNodeNamespace(Lorg/w3c/dom/Node;Lorg/w3c/dom/Document;)Z @ 8
Event: 345.121 Thread 0x000000005b7cb000 Uncommon trap: reason=null_check action=make_not_entrant pc=0x00000000047dbac0 method=com.sun.org.apache.xerces.internal.dom.ElementImpl.getDefaultAttributes()Lcom/sun/org/apache/xerces/internal/dom/NamedNodeMapImpl; @ 7
Event: 355.865 Thread 0x000000005b7cd800 Uncommon trap: reason=unstable_if action=reinterpret pc=0x000000000347d7ec method=java.util.concurrent.locks.AbstractQueuedSynchronizer$ConditionObject.awaitNanos(J)J @ 73
Event: 361.834 Thread 0x000000005b7cb000 Uncommon trap: reason=unstable_if action=reinterpret pc=0x0000000002c2c17c method=sun.nio.cs.SingleByte$Encoder.encodeArrayLoop(Ljava/nio/CharBuffer;Ljava/nio/ByteBuffer;)Ljava/nio/charset/CoderResult; @ 70
Event: 362.081 Thread 0x000000005b7cb000 Uncommon trap: reason=null_check action=make_not_entrant pc=0x0000000002fe2610 method=com.sun.org.apache.xerces.internal.dom.ElementImpl.getDefaultAttributes()Lcom/sun/org/apache/xerces/internal/dom/NamedNodeMapImpl; @ 7
Event: 362.092 Thread 0x000000005b7cb000 Uncommon trap: reason=unstable_if action=reinterpret pc=0x00000000047c9738 method=com.sun.org.apache.xerces.internal.dom.ParentNode.checkNormalizationAfterInsert(Lcom/sun/org/apache/xerces/internal/dom/ChildNode;)V @ 27

Internal exceptions (10 events):
Event: 301.386 Thread 0x000000005b7cb000 Exception <a 'sun/nio/fs/WindowsException'> (0x00000000e5391878) thrown at [C:\src\android\AOSP-openjdk\external\jetbrains\jdk\hotspot\src\share\vm\prims\jni.cpp, line 709]
Event: 301.386 Thread 0x000000005b7cb000 Exception <a 'sun/nio/fs/WindowsException'> (0x00000000e53923a8) thrown at [C:\src\android\AOSP-openjdk\external\jetbrains\jdk\hotspot\src\share\vm\prims\jni.cpp, line 709]
Event: 301.386 Thread 0x000000005b7cb000 Exception <a 'sun/nio/fs/WindowsException'> (0x00000000e5393f20) thrown at [C:\src\android\AOSP-openjdk\external\jetbrains\jdk\hotspot\src\share\vm\prims\jni.cpp, line 709]
Event: 301.386 Thread 0x000000005b7cb000 Exception <a 'sun/nio/fs/WindowsException'> (0x00000000e5394a88) thrown at [C:\src\android\AOSP-openjdk\external\jetbrains\jdk\hotspot\src\share\vm\prims\jni.cpp, line 709]
Event: 302.601 Thread 0x000000005b7cb000 Exception <a 'java/lang/ClassNotFoundException': com/android/build/gradle/internal/LibraryCache$1BeanInfo> (0x00000000e6dc7f38) thrown at [C:\src\android\AOSP-openjdk\external\jetbrains\jdk\hotspot\src\share\vm\classfile\systemDictionary.cpp, line 210]
Event: 302.602 Thread 0x000000005b7cb000 Exception <a 'java/lang/ClassNotFoundException': com/android/build/gradle/internal/LibraryCache$1Customizer> (0x00000000e6dd87d0) thrown at [C:\src\android\AOSP-openjdk\external\jetbrains\jdk\hotspot\src\share\vm\classfile\systemDictionary.cpp, line 210]
Event: 335.448 Thread 0x000000005b7cb000 Implicit null exception at 0x0000000003f74f65 to 0x0000000003f755a9
Event: 344.041 Thread 0x000000005b7cb000 Implicit null exception at 0x00000000038720d7 to 0x00000000038721c3
Event: 345.121 Thread 0x000000005b7cb000 Implicit null exception at 0x00000000047e0449 to 0x00000000047dba6d
Event: 362.081 Thread 0x000000005b7cb000 Implicit null exception at 0x0000000002fe2425 to 0x0000000002fe25f9

Events (10 events):
Event: 362.081 Thread 0x000000005b7cb000 Uncommon trap: trap_request=0xfffffff4 fr.pc=0x0000000002fe2610
Event: 362.081 Thread 0x000000005b7cb000 DEOPT PACKING pc=0x0000000002fe2610 sp=0x000000005cd0c4a0
Event: 362.081 Thread 0x000000005b7cb000 DEOPT UNPACKING pc=0x000000000290556a sp=0x000000005cd0c340 mode 2
Event: 362.082 loading class com/android/ide/common/res2/DataSet$1
Event: 362.082 loading class com/android/ide/common/res2/DataSet$1 done
Event: 362.083 loading class com/android/ide/common/res2/FileStatus
Event: 362.083 loading class com/android/ide/common/res2/FileStatus done
Event: 362.092 Thread 0x000000005b7cb000 Uncommon trap: trap_request=0xffffff65 fr.pc=0x00000000047c9738
Event: 362.092 Thread 0x000000005b7cb000 DEOPT PACKING pc=0x00000000047c9738 sp=0x000000005cd0c220
Event: 362.093 Thread 0x000000005b7cb000 DEOPT UNPACKING pc=0x000000000290556a sp=0x000000005cd0c138 mode 2


Dynamic libraries:
0x000000013f8b0000 - 0x000000013f8e1000 	C:\Program Files\Android\Android Studio1\jre\bin\java.exe
0x0000000077c60000 - 0x0000000077e0b000 	C:\Windows\SYSTEM32\ntdll.dll
0x0000000077b40000 - 0x0000000077c5f000 	C:\Windows\system32\kernel32.dll
0x000007fefe430000 - 0x000007fefe49b000 	C:\Windows\system32\KERNELBASE.dll
0x000007feffe10000 - 0x000007feffeeb000 	C:\Windows\system32\ADVAPI32.dll
0x000007feffa00000 - 0x000007feffa9f000 	C:\Windows\system32\msvcrt.dll
0x000007fefe810000 - 0x000007fefe82f000 	C:\Windows\SYSTEM32\sechost.dll
0x000007fefea30000 - 0x000007fefeb5e000 	C:\Windows\system32\RPCRT4.dll
0x00000000778e0000 - 0x00000000779da000 	C:\Windows\system32\USER32.dll
0x000007fefe9c0000 - 0x000007fefea27000 	C:\Windows\system32\GDI32.dll
0x000007fefe850000 - 0x000007fefe85e000 	C:\Windows\system32\LPK.dll
0x000007fefe4a0000 - 0x000007fefe56a000 	C:\Windows\system32\USP10.dll
0x000007fefcb60000 - 0x000007fefcd54000 	C:\Windows\WinSxS\amd64_microsoft.windows.common-controls_6595b64144ccf1df_6.0.7600.16385_none_fa645303170382f6\COMCTL32.dll
0x000007feffef0000 - 0x000007fefff61000 	C:\Windows\system32\SHLWAPI.dll
0x000007fefe7e0000 - 0x000007fefe80e000 	C:\Windows\system32\IMM32.DLL
0x000007feff8f0000 - 0x000007feff9f9000 	C:\Windows\system32\MSCTF.dll
0x0000000069f10000 - 0x0000000069fe2000 	C:\Program Files\Android\Android Studio1\jre\jre\bin\msvcr100.dll
0x0000000059bb0000 - 0x000000005a3e4000 	C:\Program Files\Android\Android Studio1\jre\jre\bin\server\jvm.dll
0x000007fef9700000 - 0x000007fef9709000 	C:\Windows\system32\WSOCK32.dll
0x000007feffdc0000 - 0x000007feffe0d000 	C:\Windows\system32\WS2_32.dll
0x000007fefe5c0000 - 0x000007fefe5c8000 	C:\Windows\system32\NSI.dll
0x000007fefc220000 - 0x000007fefc25b000 	C:\Windows\system32\WINMM.dll
0x000007fefd1f0000 - 0x000007fefd1fc000 	C:\Windows\system32\VERSION.dll
0x0000000077e30000 - 0x0000000077e37000 	C:\Windows\system32\PSAPI.DLL
0x000007fefcaa0000 - 0x000007fefcaaf000 	C:\Program Files\Android\Android Studio1\jre\jre\bin\verify.dll
0x000007fefc860000 - 0x000007fefc889000 	C:\Program Files\Android\Android Studio1\jre\jre\bin\java.dll
0x000007fef98a0000 - 0x000007fef98b6000 	C:\Program Files\Android\Android Studio1\jre\jre\bin\zip.dll
0x000007fefeb60000 - 0x000007feff8e6000 	C:\Windows\system32\SHELL32.dll
0x000007fefe5d0000 - 0x000007fefe7d1000 	C:\Windows\system32\ole32.dll
0x000007fefe0d0000 - 0x000007fefe0df000 	C:\Windows\system32\profapi.dll
0x000007fef21a0000 - 0x000007fef21ba000 	C:\Program Files\Android\Android Studio1\jre\jre\bin\net.dll
0x000007fefd8e0000 - 0x000007fefd934000 	C:\Windows\system32\mswsock.dll
0x000007fefdb60000 - 0x000007fefdb67000 	C:\Windows\System32\wship6.dll
0x000007fef22e0000 - 0x000007fef22f1000 	C:\Program Files\Android\Android Studio1\jre\jre\bin\nio.dll
0x000007feeed60000 - 0x000007feeed72000 	C:\Users\Ordolar\.gradle\native\19\windows-amd64\native-platform.dll
0x000007fefd940000 - 0x000007fefd957000 	C:\Windows\system32\CRYPTSP.dll
0x000007fefd690000 - 0x000007fefd6d7000 	C:\Windows\system32\rsaenh.dll
0x000007fefd3c0000 - 0x000007fefd3de000 	C:\Windows\system32\USERENV.dll
0x000007fefdfc0000 - 0x000007fefdfcf000 	C:\Windows\system32\CRYPTBASE.dll
0x000007fefbdb0000 - 0x000007fefbdd7000 	C:\Windows\system32\IPHLPAPI.DLL
0x000007fefbd70000 - 0x000007fefbd7b000 	C:\Windows\system32\WINNSI.DLL
0x000007fefbc20000 - 0x000007fefbc31000 	C:\Windows\system32\dhcpcsvc6.DLL
0x000007fefbba0000 - 0x000007fefbbb8000 	C:\Windows\system32\dhcpcsvc.DLL
0x000007fef9890000 - 0x000007fef989d000 	C:\Program Files\Android\Android Studio1\jre\jre\bin\management.dll
0x000007fefdf60000 - 0x000007fefdfb7000 	C:\Windows\system32\apphelp.dll
0x000007fef5890000 - 0x000007fef59b5000 	C:\Windows\system32\dbghelp.dll

VM Arguments:
jvm_args: -Xmx1536m -Dfile.encoding=windows-1252 -Duser.country=ES -Duser.language=es -Duser.variant 
java_command: org.gradle.launcher.daemon.bootstrap.GradleDaemon 2.14.1
java_class_path (initial): C:\Program Files\Android\Android Studio1\gradle\gradle-2.14.1\lib\gradle-launcher-2.14.1.jar
Launcher Type: SUN_STANDARD

Environment Variables:
JAVA_HOME=C:\Program Files\Java\jdk1.8.0_65
PATH=C:\oracle\product\10.2.0\db_1\bin;C:\ProgramData\Oracle\Java\javapath;C:\Program Files (x86)\PC Connectivity Solution\;C:\Program Files\Common Files\Microsoft Shared\Windows Live;C:\Program Files (x86)\Common Files\Microsoft Shared\Windows Live;C:\Program Files (x86)\NVIDIA Corporation\PhysX\Common;C:\Windows\system32;C:\Windows;C:\Windows\System32\Wbem;C:\Windows\System32\WindowsPowerShell\v1.0\;C:\Program Files (x86)\Smart Projects\IsoBuster;C:\Program Files (x86)\Microsoft SQL Server\100\Tools\Binn\;C:\Program Files\Microsoft SQL Server\100\Tools\Binn\;C:\Program Files\Microsoft SQL Server\100\DTS\Binn\;C:\Program Files (x86)\Microsoft SQL Server\100\Tools\Binn\VSShell\Common7\IDE\;C:\Program Files (x86)\Microsoft SQL Server\100\DTS\Binn\;c:\Program Files (x86)\Microsoft SQL Server\90\Tools\binn\;C:\Program Files (x86)\Common Files\Ulead Systems\MPEG;C:\Program Files (x86)\Windows Live\Shared;C:\Program Files (x86)\Common Files\Adobe\AGL;C:\Program Files\MySQL\MySQL Utilities 1.6\;C:\Program Files (x86)\SSH Communications Security\SSH Secure Shell
USERNAME=Ordolar
OS=Windows_NT
PROCESSOR_IDENTIFIER=Intel64 Family 6 Model 23 Stepping 10, GenuineIntel



---------------  S Y S T E M  ---------------

OS: Windows 7 , 64 bit Build 7600 (6.1.7600.16385)

CPU:total 2 (2 cores per cpu, 1 threads per core) family 6 model 23 stepping 10, cmov, cx8, fxsr, mmx, sse, sse2, sse3, ssse3, tsc

Memory: 4k page, physical 4193524k(911592k free), swap 8385148k(2904212k free)

vm_info: OpenJDK 64-Bit Server VM (25.76-b03) for windows-amd64 JRE (1.8.0_76-release-b03), built on Jun 29 2016 19:09:20 by "ralucas" with MS VC++ 10.0 (VS2010)

time: Tue Jan 31 08:56:23 2017
elapsed time: 362 seconds (0d 0h 6m 2s)

