#
# A fatal error has been detected by the Java Runtime Environment:
#
#  EXCEPTION_ACCESS_VIOLATION (0xc0000005) at pc=0xffffffffa4795120, pid=8004, tid=0x0000000000001918
#
# JRE version: OpenJDK Runtime Environment (8.0_76-b03) (build 1.8.0_76-release-b03)
# Java VM: OpenJDK 64-Bit Server VM (25.76-b03 mixed mode windows-amd64 compressed oops)
# Problematic frame:
# C  0xffffffffa4795120
#
# Failed to write core dump. Minidumps are not enabled by default on client versions of Windows
#
# If you would like to submit a bug report, please visit:
#   http://bugreport.java.com/bugreport/crash.jsp
#

---------------  T H R E A D  ---------------

Current thread (0x0000000058e7a000):  JavaThread "Daemon worker Thread 5" [_thread_in_Java, id=6424, stack(0x000000005ab20000,0x000000005ac20000)]

siginfo: ExceptionCode=0xc0000005, ExceptionInformation=0x0000000000000008 0xffffffffa4795120

Registers:
RAX=0x00000000158305e0, RBX=0x000000005ec66bb0, RCX=0x0000000000000000, RDX=0x00000000e4d7b230
RSP=0x000000005ac1bce8, RBP=0x0000000000000000, RSI=0x00000000e4d7b1f8, RDI=0x00000000611ff8e8
R8 =0x00000000e4d7b230, R9 =0x00000000e3f9d348, R10=0x0000000015c85298, R11=0x00000000000004d8
R12=0x0000000000000000, R13=0x000000005ac1be98, R14=0x0000000000000000, R15=0x0000000058e7a000
RIP=0xffffffffa4795120, EFLAGS=0x0000000000010246

Top of Stack: (sp=0x000000005ac1bce8)
0x000000005ac1bce8:   0000000004693fb4 000000005ac1bee8
0x000000005ac1bcf8:   000000000472e4d4 000000005ac1bee8
0x000000005ac1bd08:   00000000046bdc64 00000000e4d7b230
0x000000005ac1bd18:   000000000474728c 0000000000000001
0x000000005ac1bd28:   00000000e4d7b258 00000000e4d7b1f8
0x000000005ac1bd38:   0000000004d41010 00000000e4d7b1f8
0x000000005ac1bd48:   0000000000000000 00000000e4d7b1f8
0x000000005ac1bd58:   00000000e445ab28 00000000e3f9d348
0x000000005ac1bd68:   00000000e4bf43f0 0000000015c85f38
0x000000005ac1bd78:   0000000004d327e2 000000005ac1bee8
0x000000005ac1bd88:   0000000004d32f84 00000000e4d7a538
0x000000005ac1bd98:   0000000000000000 000000005ac1bee8
0x000000005ac1bda8:   0000000000000001 00000000e4459eb0
0x000000005ac1bdb8:   00000000e4bf43f0 0000000058e7a000
0x000000005ac1bdc8:   00000000e4d7b1f8 0000000000000000
0x000000005ac1bdd8:   00000000e445ab10 00000000e445ab28 

Instructions: (pc=0xffffffffa4795120)
0xffffffffa4795100:   
[error occurred during error reporting (printing registers, top of stack, instructions near pc), id 0xc0000005]

Register to memory mapping:

RAX=0x00000000158305e0 is pointing into metadata
RBX={method} {0x000000005ec66bb8} 'getOwnerDocument' '()Lorg/w3c/dom/Document;' in 'com/sun/org/apache/xerces/internal/dom/NodeImpl'
RCX=0x0000000000000000 is an unknown value
RDX=0x00000000e4d7b230 is an oop
com.sun.org.apache.xerces.internal.dom.AttrImpl 
 - klass: 'com/sun/org/apache/xerces/internal/dom/AttrImpl'
RSP=0x000000005ac1bce8 is pointing into the stack for thread: 0x0000000058e7a000
RBP=0x0000000000000000 is an unknown value
RSI=0x00000000e4d7b1f8 is an oop
com.sun.org.apache.xerces.internal.dom.ElementImpl 
 - klass: 'com/sun/org/apache/xerces/internal/dom/ElementImpl'
RDI=0x00000000611ff8e8 is pointing into metadata
R8 =0x00000000e4d7b230 is an oop
com.sun.org.apache.xerces.internal.dom.AttrImpl 
 - klass: 'com/sun/org/apache/xerces/internal/dom/AttrImpl'
R9 =0x00000000e3f9d348 is an oop
java.lang.String 
 - klass: 'java/lang/String'
R10=0x0000000015c85298 is pointing into metadata
R11=0x00000000000004d8 is an unknown value
R12=0x0000000000000000 is an unknown value
R13=0x000000005ac1be98 is pointing into the stack for thread: 0x0000000058e7a000
R14=0x0000000000000000 is an unknown value
R15=0x0000000058e7a000 is a thread


Stack: [0x000000005ab20000,0x000000005ac20000],  sp=0x000000005ac1bce8,  free space=1007k
Native frames: (J=compiled Java code, j=interpreted, Vv=VM code, C=native code)


---------------  P R O C E S S  ---------------

Java Threads: ( => current thread )
  0x000000005b7e8800 JavaThread "pool-30-thread-1" [_thread_blocked, id=6432, stack(0x0000000061840000,0x0000000061940000)]
  0x000000005b7e5800 JavaThread "Stdin handler" [_thread_blocked, id=6776, stack(0x0000000057950000,0x0000000057a50000)]
  0x0000000058e77800 JavaThread "Asynchronous log dispatcher for org.gradle.launcher.daemon.server.DefaultDaemonConnection@b367737" [_thread_blocked, id=4236, stack(0x000000005ac50000,0x000000005ad50000)]
=>0x0000000058e7a000 JavaThread "Daemon worker Thread 5" [_thread_in_Java, id=6424, stack(0x000000005ab20000,0x000000005ac20000)]
  0x0000000058e78800 JavaThread "Cancel handler" [_thread_blocked, id=7648, stack(0x000000005a670000,0x000000005a770000)]
  0x0000000058e76000 JavaThread "Handler for socket connection from /127.0.0.1:56059 to /127.0.0.1:57494" [_thread_in_native, id=7996, stack(0x000000005a440000,0x000000005a540000)]
  0x0000000058e79000 JavaThread "Daemon Thread 5" [_thread_blocked, id=7208, stack(0x000000005a560000,0x000000005a660000)]
  0x000000005b7e9800 JavaThread "pool-5-thread-4" [_thread_blocked, id=756, stack(0x000000005d800000,0x000000005d900000)]
  0x000000005b7ec800 JavaThread "pool-5-thread-3" [_thread_blocked, id=6352, stack(0x0000000061a30000,0x0000000061b30000)]
  0x000000005b7eb000 JavaThread "pool-5-thread-2" [_thread_blocked, id=6792, stack(0x00000000614e0000,0x00000000615e0000)]
  0x0000000058e77000 JavaThread "pool-5-thread-1" [_thread_blocked, id=8184, stack(0x00000000608b0000,0x00000000609b0000)]
  0x0000000058e73000 JavaThread "File lock request listener" [_thread_in_native, id=7184, stack(0x000000005a300000,0x000000005a400000)]
  0x0000000057f65800 JavaThread "pool-1-thread-1" [_thread_blocked, id=8124, stack(0x0000000059890000,0x0000000059990000)]
  0x0000000057dfb800 JavaThread "Incoming local TCP Connector on port 56059" [_thread_in_native, id=7232, stack(0x0000000057320000,0x0000000057420000)]
  0x0000000057538800 JavaThread "Service Thread" daemon [_thread_blocked, id=7632, stack(0x0000000057a50000,0x0000000057b50000)]
  0x0000000055fad800 JavaThread "C1 CompilerThread1" daemon [_thread_blocked, id=6400, stack(0x0000000057430000,0x0000000057530000)]
  0x0000000055fa7000 JavaThread "C2 CompilerThread0" daemon [_thread_in_native, id=3252, stack(0x0000000057200000,0x0000000057300000)]
  0x0000000055fa5800 JavaThread "Attach Listener" daemon [_thread_blocked, id=6904, stack(0x0000000056ff0000,0x00000000570f0000)]
  0x0000000055fb4000 JavaThread "Signal Dispatcher" daemon [_thread_blocked, id=7704, stack(0x0000000056da0000,0x0000000056ea0000)]
  0x0000000055f8c800 JavaThread "Finalizer" daemon [_thread_blocked, id=8148, stack(0x0000000056ad0000,0x0000000056bd0000)]
  0x0000000055f43000 JavaThread "Reference Handler" daemon [_thread_blocked, id=6824, stack(0x00000000022c0000,0x00000000023c0000)]
  0x00000000022be800 JavaThread "main" [_thread_blocked, id=2308, stack(0x00000000023c0000,0x00000000024c0000)]

Other Threads:
  0x0000000055f3a800 VMThread [stack: 0x00000000569a0000,0x0000000056aa0000] [id=7908]
  0x0000000057539000 WatcherThread [stack: 0x0000000057bc0000,0x0000000057cc0000] [id=3628]

VM state:not at safepoint (normal execution)

VM Mutex/Monitor currently owned by a thread: None

Heap:
 PSYoungGen      total 222208K, used 82720K [0x00000000e0000000, 0x00000000eec00000, 0x0000000100000000)
  eden space 209920K, 38% used [0x00000000e0000000,0x00000000e4e24020,0x00000000ecd00000)
  from space 12288K, 22% used [0x00000000ee000000,0x00000000ee2a4010,0x00000000eec00000)
  to   space 15872K, 0% used [0x00000000ecd00000,0x00000000ecd00000,0x00000000edc80000)
 ParOldGen       total 82432K, used 34821K [0x00000000a0000000, 0x00000000a5080000, 0x00000000e0000000)
  object space 82432K, 42% used [0x00000000a0000000,0x00000000a2201428,0x00000000a5080000)
 Metaspace       used 67792K, capacity 70354K, committed 70680K, reserved 1112064K
  class space    used 8502K, capacity 8896K, committed 8984K, reserved 1048576K

Card table byte_map: [0x0000000011b50000,0x0000000011e60000] byte_map_base: 0x0000000011650000

Marking Bits: (ParMarkBitMap*) 0x000000005a239d00
 Begin Bits: [0x0000000012310000, 0x0000000013b10000)
 End Bits:   [0x0000000013b10000, 0x0000000015310000)

Polling page: 0x0000000000150000

CodeCache: size=245760Kb used=42477Kb max_used=42886Kb free=203282Kb
 bounds [0x0000000002790000, 0x00000000051b0000, 0x0000000011790000]
 total_blobs=13312 nmethods=12568 adapters=657
 compilation: enabled

Compilation events (10 events):
Event: 1206.921 Thread 0x0000000055fad800 nmethod 15566 0x0000000004dcd010 code [0x0000000004dcd180, 0x0000000004dcd398]
Event: 1207.023 Thread 0x0000000055fa7000 nmethod 15559 0x000000000359eb10 code [0x000000000359eec0, 0x00000000035a13e8]
Event: 1207.023 Thread 0x0000000055fa7000 15556       4       com.sun.org.apache.xerces.internal.parsers.AbstractDOMParser::startElement (876 bytes)
Event: 1207.071 Thread 0x0000000055fad800 15570       2       java.util.concurrent.ConcurrentHashMap$EntryIterator::next (51 bytes)
Event: 1207.072 Thread 0x0000000055fad800 nmethod 15570 0x0000000003dade10 code [0x0000000003dadf80, 0x0000000003dae278]
Event: 1207.093 Thread 0x0000000055fad800 15571       2       com.sun.org.apache.xerces.internal.dom.ChildNode::parentNode (16 bytes)
Event: 1207.094 Thread 0x0000000055fad800 nmethod 15571 0x0000000004dccc50 code [0x0000000004dccda0, 0x0000000004dccf10]
Event: 1207.104 Thread 0x0000000055fa7000 nmethod 15556 0x00000000029fc950 code [0x00000000029fcbc0, 0x00000000029fe7d8]
Event: 1207.105 Thread 0x0000000055fa7000 15572       4       com.sun.org.apache.xerces.internal.dom.NodeImpl::getOwnerDocument (23 bytes)
Event: 1207.108 Thread 0x0000000055fa7000 nmethod 15572 0x0000000002d8d310 code [0x0000000002d8d460, 0x0000000002d8d558]

GC Heap History (10 events):
Event: 663.470 GC heap before
{Heap before GC invocations=33 (full 6):
 PSYoungGen      total 208896K, used 2117K [0x00000000e0000000, 0x00000000edc80000, 0x0000000100000000)
  eden space 192000K, 0% used [0x00000000e0000000,0x00000000e0000000,0x00000000ebb80000)
  from space 16896K, 12% used [0x00000000ebb80000,0x00000000ebd916f8,0x00000000ecc00000)
  to   space 16896K, 0% used [0x00000000ecc00000,0x00000000ecc00000,0x00000000edc80000)
 ParOldGen       total 82432K, used 37094K [0x00000000a0000000, 0x00000000a5080000, 0x00000000e0000000)
  object space 82432K, 44% used [0x00000000a0000000,0x00000000a2439880,0x00000000a5080000)
 Metaspace       used 66547K, capacity 68664K, committed 68760K, reserved 1110016K
  class space    used 8416K, capacity 8785K, committed 8856K, reserved 1048576K
Event: 663.925 GC heap after
Heap after GC invocations=33 (full 6):
 PSYoungGen      total 208896K, used 0K [0x00000000e0000000, 0x00000000edc80000, 0x0000000100000000)
  eden space 192000K, 0% used [0x00000000e0000000,0x00000000e0000000,0x00000000ebb80000)
  from space 16896K, 0% used [0x00000000ebb80000,0x00000000ebb80000,0x00000000ecc00000)
  to   space 16896K, 0% used [0x00000000ecc00000,0x00000000ecc00000,0x00000000edc80000)
 ParOldGen       total 82432K, used 35434K [0x00000000a0000000, 0x00000000a5080000, 0x00000000e0000000)
  object space 82432K, 42% used [0x00000000a0000000,0x00000000a229abf8,0x00000000a5080000)
 Metaspace       used 66547K, capacity 68664K, committed 68760K, reserved 1110016K
  class space    used 8416K, capacity 8785K, committed 8856K, reserved 1048576K
}
Event: 975.295 GC heap before
{Heap before GC invocations=34 (full 6):
 PSYoungGen      total 208896K, used 192000K [0x00000000e0000000, 0x00000000edc80000, 0x0000000100000000)
  eden space 192000K, 100% used [0x00000000e0000000,0x00000000ebb80000,0x00000000ebb80000)
  from space 16896K, 0% used [0x00000000ebb80000,0x00000000ebb80000,0x00000000ecc00000)
  to   space 16896K, 0% used [0x00000000ecc00000,0x00000000ecc00000,0x00000000edc80000)
 ParOldGen       total 82432K, used 35434K [0x00000000a0000000, 0x00000000a5080000, 0x00000000e0000000)
  object space 82432K, 42% used [0x00000000a0000000,0x00000000a229abf8,0x00000000a5080000)
 Metaspace       used 67016K, capacity 69150K, committed 69272K, reserved 1110016K
  class space    used 8426K, capacity 8796K, committed 8856K, reserved 1048576K
Event: 975.321 GC heap after
Heap after GC invocations=34 (full 6):
 PSYoungGen      total 209408K, used 5264K [0x00000000e0000000, 0x00000000ef080000, 0x0000000100000000)
  eden space 192512K, 0% used [0x00000000e0000000,0x00000000e0000000,0x00000000ebc00000)
  from space 16896K, 31% used [0x00000000ecc00000,0x00000000ed124040,0x00000000edc80000)
  to   space 16384K, 0% used [0x00000000ebc00000,0x00000000ebc00000,0x00000000ecc00000)
 ParOldGen       total 82432K, used 35442K [0x00000000a0000000, 0x00000000a5080000, 0x00000000e0000000)
  object space 82432K, 42% used [0x00000000a0000000,0x00000000a229cbf8,0x00000000a5080000)
 Metaspace       used 67016K, capacity 69150K, committed 69272K, reserved 1110016K
  class space    used 8426K, capacity 8796K, committed 8856K, reserved 1048576K
}
Event: 978.274 GC heap before
{Heap before GC invocations=35 (full 6):
 PSYoungGen      total 209408K, used 124477K [0x00000000e0000000, 0x00000000ef080000, 0x0000000100000000)
  eden space 192512K, 61% used [0x00000000e0000000,0x00000000e746b6e8,0x00000000ebc00000)
  from space 16896K, 31% used [0x00000000ecc00000,0x00000000ed124040,0x00000000edc80000)
  to   space 16384K, 0% used [0x00000000ebc00000,0x00000000ebc00000,0x00000000ecc00000)
 ParOldGen       total 82432K, used 35442K [0x00000000a0000000, 0x00000000a5080000, 0x00000000e0000000)
  object space 82432K, 42% used [0x00000000a0000000,0x00000000a229cbf8,0x00000000a5080000)
 Metaspace       used 67351K, capacity 69600K, committed 69784K, reserved 1110016K
  class space    used 8462K, capacity 8837K, committed 8856K, reserved 1048576K
Event: 978.280 GC heap after
Heap after GC invocations=35 (full 6):
 PSYoungGen      total 208896K, used 1286K [0x00000000e0000000, 0x00000000eef80000, 0x0000000100000000)
  eden space 192512K, 0% used [0x00000000e0000000,0x00000000e0000000,0x00000000ebc00000)
  from space 16384K, 7% used [0x00000000ebc00000,0x00000000ebd41bb8,0x00000000ecc00000)
  to   space 15872K, 0% used [0x00000000ee000000,0x00000000ee000000,0x00000000eef80000)
 ParOldGen       total 82432K, used 35450K [0x00000000a0000000, 0x00000000a5080000, 0x00000000e0000000)
  object space 82432K, 43% used [0x00000000a0000000,0x00000000a229ebf8,0x00000000a5080000)
 Metaspace       used 67351K, capacity 69600K, committed 69784K, reserved 1110016K
  class space    used 8462K, capacity 8837K, committed 8856K, reserved 1048576K
}
Event: 978.280 GC heap before
{Heap before GC invocations=36 (full 7):
 PSYoungGen      total 208896K, used 1286K [0x00000000e0000000, 0x00000000eef80000, 0x0000000100000000)
  eden space 192512K, 0% used [0x00000000e0000000,0x00000000e0000000,0x00000000ebc00000)
  from space 16384K, 7% used [0x00000000ebc00000,0x00000000ebd41bb8,0x00000000ecc00000)
  to   space 15872K, 0% used [0x00000000ee000000,0x00000000ee000000,0x00000000eef80000)
 ParOldGen       total 82432K, used 35450K [0x00000000a0000000, 0x00000000a5080000, 0x00000000e0000000)
  object space 82432K, 43% used [0x00000000a0000000,0x00000000a229ebf8,0x00000000a5080000)
 Metaspace       used 67351K, capacity 69600K, committed 69784K, reserved 1110016K
  class space    used 8462K, capacity 8837K, committed 8856K, reserved 1048576K
Event: 978.564 GC heap after
Heap after GC invocations=36 (full 7):
 PSYoungGen      total 208896K, used 0K [0x00000000e0000000, 0x00000000eef80000, 0x0000000100000000)
  eden space 192512K, 0% used [0x00000000e0000000,0x00000000e0000000,0x00000000ebc00000)
  from space 16384K, 0% used [0x00000000ebc00000,0x00000000ebc00000,0x00000000ecc00000)
  to   space 15872K, 0% used [0x00000000ee000000,0x00000000ee000000,0x00000000eef80000)
 ParOldGen       total 82432K, used 34821K [0x00000000a0000000, 0x00000000a5080000, 0x00000000e0000000)
  object space 82432K, 42% used [0x00000000a0000000,0x00000000a2201428,0x00000000a5080000)
 Metaspace       used 67351K, capacity 69600K, committed 69784K, reserved 1110016K
  class space    used 8462K, capacity 8837K, committed 8856K, reserved 1048576K
}
Event: 1205.396 GC heap before
{Heap before GC invocations=37 (full 7):
 PSYoungGen      total 208896K, used 192512K [0x00000000e0000000, 0x00000000eef80000, 0x0000000100000000)
  eden space 192512K, 100% used [0x00000000e0000000,0x00000000ebc00000,0x00000000ebc00000)
  from space 16384K, 0% used [0x00000000ebc00000,0x00000000ebc00000,0x00000000ecc00000)
  to   space 15872K, 0% used [0x00000000ee000000,0x00000000ee000000,0x00000000eef80000)
 ParOldGen       total 82432K, used 34821K [0x00000000a0000000, 0x00000000a5080000, 0x00000000e0000000)
  object space 82432K, 42% used [0x00000000a0000000,0x00000000a2201428,0x00000000a5080000)
 Metaspace       used 67731K, capacity 70162K, committed 70424K, reserved 1110016K
  class space    used 8502K, capacity 8896K, committed 8984K, reserved 1048576K
Event: 1205.408 GC heap after
Heap after GC invocations=37 (full 7):
 PSYoungGen      total 222208K, used 2704K [0x00000000e0000000, 0x00000000eec00000, 0x0000000100000000)
  eden space 209920K, 0% used [0x00000000e0000000,0x00000000e0000000,0x00000000ecd00000)
  from space 12288K, 22% used [0x00000000ee000000,0x00000000ee2a4010,0x00000000eec00000)
  to   space 15872K, 0% used [0x00000000ecd00000,0x00000000ecd00000,0x00000000edc80000)
 ParOldGen       total 82432K, used 34821K [0x00000000a0000000, 0x00000000a5080000, 0x00000000e0000000)
  object space 82432K, 42% used [0x00000000a0000000,0x00000000a2201428,0x00000000a5080000)
 Metaspace       used 67731K, capacity 70162K, committed 70424K, reserved 1110016K
  class space    used 8502K, capacity 8896K, committed 8984K, reserved 1048576K
}

Deoptimization events (10 events):
Event: 974.337 Thread 0x0000000058e76000 Uncommon trap: reason=bimorphic action=maybe_recompile pc=0x0000000003dc1b10 method=com.sun.tools.javac.code.Types$19.visitClassType(Lcom/sun/tools/javac/code/Type$ClassType;Ljava/lang/Void;)Lcom/sun/tools/javac/util/List; @ 46
Event: 975.329 Thread 0x0000000058e76000 Uncommon trap: reason=null_check action=make_not_entrant pc=0x0000000002a9c844 method=java.lang.ThreadLocal$ThreadLocalMap.set(Ljava/lang/ThreadLocal;Ljava/lang/Object;)V @ 36
Event: 975.690 Thread 0x0000000058e76000 Uncommon trap: reason=unstable_if action=reinterpret pc=0x0000000003202c94 method=com.sun.org.apache.xerces.internal.dom.ChildNode.parentNode()Lcom/sun/org/apache/xerces/internal/dom/NodeImpl; @ 4
Event: 976.775 Thread 0x000000005b7ea000 Uncommon trap: reason=bimorphic action=maybe_recompile pc=0x000000000424f29c method=com.android.dx.rop.code.InsnList.contentEquals(Lcom/android/dx/rop/code/InsnList;)Z @ 38
Event: 1005.881 Thread 0x0000000058e79000 Uncommon trap: reason=null_check action=make_not_entrant pc=0x0000000004fa3454 method=java.io.ObjectStreamClass.getField(Ljava/lang/String;Ljava/lang/Class;)Ljava/io/ObjectStreamField; @ 67
Event: 1006.288 Thread 0x0000000058e76000 Uncommon trap: reason=class_check action=maybe_recompile pc=0x0000000003eb14a4 method=sun.nio.cs.ThreadLocalCoders$1.hasName(Ljava/lang/Object;Ljava/lang/Object;)Z @ 8
Event: 1010.137 Thread 0x0000000058e76000 Uncommon trap: reason=class_check action=maybe_recompile pc=0x000000000368a590 method=sun.misc.URLClassPath$1.next()Z @ 46
Event: 1010.403 Thread 0x0000000058e76000 Uncommon trap: reason=bimorphic action=maybe_recompile pc=0x0000000004dfbd50 method=com.sun.tools.javac.code.Types$18.visitClassType(Lcom/sun/tools/javac/code/Type$ClassType;Ljava/lang/Void;)Lcom/sun/tools/javac/code/Type; @ 19
Event: 1010.403 Thread 0x0000000058e76000 Uncommon trap: reason=bimorphic action=maybe_recompile pc=0x0000000003dc1b10 method=com.sun.tools.javac.code.Types$19.visitClassType(Lcom/sun/tools/javac/code/Type$ClassType;Ljava/lang/Void;)Lcom/sun/tools/javac/util/List; @ 46
Event: 1010.992 Thread 0x0000000058e76000 Uncommon trap: reason=class_check action=maybe_recompile pc=0x0000000003839848 method=java.util.HashMap.removeNode(ILjava/lang/Object;Ljava/lang/Object;ZZ)Ljava/util/HashMap$Node; @ 143

Internal exceptions (10 events):
Event: 342.522 Thread 0x0000000058e7a000 Implicit null exception at 0x0000000003bba10f to 0x0000000003bba2ad
Event: 657.588 Thread 0x0000000058e78800 Exception <a 'java/lang/ClassNotFoundException': asLocalRepo796_2px0jadxtcnwrloa2jmkckebxBeanInfo> (0x00000000e07eb228) thrown at [C:\src\android\AOSP-openjdk\external\jetbrains\jdk\hotspot\src\share\vm\classfile\systemDictionary.cpp, line 210]
Event: 657.589 Thread 0x0000000058e78800 Exception <a 'java/lang/ClassNotFoundException': asLocalRepo796_2px0jadxtcnwrloa2jmkckebxCustomizer> (0x00000000e07f4de0) thrown at [C:\src\android\AOSP-openjdk\external\jetbrains\jdk\hotspot\src\share\vm\classfile\systemDictionary.cpp, line 210]
Event: 968.410 Thread 0x0000000058e76000 Exception <a 'java/lang/ClassNotFoundException': asLocalRepo65_21lnd99ses9th1hqz3zpa70tcBeanInfo> (0x00000000e0785d50) thrown at [C:\src\android\AOSP-openjdk\external\jetbrains\jdk\hotspot\src\share\vm\classfile\systemDictionary.cpp, line 210]
Event: 968.411 Thread 0x0000000058e76000 Exception <a 'java/lang/ClassNotFoundException': asLocalRepo65_21lnd99ses9th1hqz3zpa70tcCustomizer> (0x00000000e078f8d0) thrown at [C:\src\android\AOSP-openjdk\external\jetbrains\jdk\hotspot\src\share\vm\classfile\systemDictionary.cpp, line 210]
Event: 975.329 Thread 0x0000000058e76000 Implicit null exception at 0x0000000002a9c5f9 to 0x0000000002a9c819
Event: 1006.174 Thread 0x0000000058e76000 Exception <a 'java/lang/ClassNotFoundException': asLocalRepo653_5x49tiweh83imgnni82fvyqguBeanInfo> (0x00000000e05cf070) thrown at [C:\src\android\AOSP-openjdk\external\jetbrains\jdk\hotspot\src\share\vm\classfile\systemDictionary.cpp, line 210]
Event: 1006.175 Thread 0x0000000058e76000 Exception <a 'java/lang/ClassNotFoundException': asLocalRepo653_5x49tiweh83imgnni82fvyqguCustomizer> (0x00000000e05d8c28) thrown at [C:\src\android\AOSP-openjdk\external\jetbrains\jdk\hotspot\src\share\vm\classfile\systemDictionary.cpp, line 210]
Event: 1205.011 Thread 0x0000000058e7a000 Exception <a 'java/lang/ClassNotFoundException': asLocalRepo707_8dxjyxslkc0dnfcx93gyb6kalBeanInfo> (0x00000000e9492528) thrown at [C:\src\android\AOSP-openjdk\external\jetbrains\jdk\hotspot\src\share\vm\classfile\systemDictionary.cpp, line 210]
Event: 1205.011 Thread 0x0000000058e7a000 Exception <a 'java/lang/ClassNotFoundException': asLocalRepo707_8dxjyxslkc0dnfcx93gyb6kalCustomizer> (0x00000000e949c140) thrown at [C:\src\android\AOSP-openjdk\external\jetbrains\jdk\hotspot\src\share\vm\classfile\systemDictionary.cpp, line 210]

Events (10 events):
Event: 1207.104 Thread 0x0000000055fa7000 flushing nmethod 0x0000000002c5c3d0
Event: 1207.104 Thread 0x0000000055fa7000 flushing nmethod 0x0000000002c60710
Event: 1207.105 Thread 0x0000000055fa7000 flushing nmethod 0x0000000002cdb2d0
Event: 1207.105 Thread 0x0000000055fa7000 flushing nmethod 0x0000000002d1ef90
Event: 1207.105 Thread 0x0000000055fa7000 flushing nmethod 0x0000000002d22c90
Event: 1207.105 Thread 0x0000000055fa7000 flushing nmethod 0x0000000002d47610
Event: 1207.105 Thread 0x0000000055fa7000 flushing nmethod 0x0000000002d6b650
Event: 1207.105 Thread 0x0000000055fa7000 flushing nmethod 0x0000000002d8d310
Event: 1207.105 Thread 0x0000000055fa7000 flushing nmethod 0x0000000002d8fa90
Event: 1207.105 Thread 0x0000000055fa7000 flushing nmethod 0x0000000002e96290


Dynamic libraries:
0x000000013fe40000 - 0x000000013fe71000 	C:\Program Files\Android\Android Studio1\jre\bin\java.exe
0x0000000076f00000 - 0x00000000770ab000 	C:\Windows\SYSTEM32\ntdll.dll
0x0000000076a30000 - 0x0000000076b4f000 	C:\Windows\system32\kernel32.dll
0x000007fefd5d0000 - 0x000007fefd63b000 	C:\Windows\system32\KERNELBASE.dll
0x000007fefe740000 - 0x000007fefe81b000 	C:\Windows\system32\ADVAPI32.dll
0x000007fefe820000 - 0x000007fefe8bf000 	C:\Windows\system32\msvcrt.dll
0x000007fefe8c0000 - 0x000007fefe8df000 	C:\Windows\SYSTEM32\sechost.dll
0x000007fefebd0000 - 0x000007fefecfe000 	C:\Windows\system32\RPCRT4.dll
0x0000000076b50000 - 0x0000000076c4a000 	C:\Windows\system32\USER32.dll
0x000007fefeee0000 - 0x000007fefef47000 	C:\Windows\system32\GDI32.dll
0x000007fefe8e0000 - 0x000007fefe8ee000 	C:\Windows\system32\LPK.dll
0x000007fefd8e0000 - 0x000007fefd9aa000 	C:\Windows\system32\USP10.dll
0x000007fefbfa0000 - 0x000007fefc194000 	C:\Windows\WinSxS\amd64_microsoft.windows.common-controls_6595b64144ccf1df_6.0.7600.16385_none_fa645303170382f6\COMCTL32.dll
0x000007fefed00000 - 0x000007fefed71000 	C:\Windows\system32\SHLWAPI.dll
0x000007fefef60000 - 0x000007fefef8e000 	C:\Windows\system32\IMM32.DLL
0x000007fefed80000 - 0x000007fefee89000 	C:\Windows\system32\MSCTF.dll
0x0000000060fb0000 - 0x0000000061082000 	C:\Program Files\Android\Android Studio1\jre\jre\bin\msvcr100.dll
0x0000000059a80000 - 0x000000005a2b4000 	C:\Program Files\Android\Android Studio1\jre\jre\bin\server\jvm.dll
0x000007fef7800000 - 0x000007fef7809000 	C:\Windows\system32\WSOCK32.dll
0x000007fefee90000 - 0x000007fefeedd000 	C:\Windows\system32\WS2_32.dll
0x000007fefef50000 - 0x000007fefef58000 	C:\Windows\system32\NSI.dll
0x000007fefb080000 - 0x000007fefb0bb000 	C:\Windows\system32\WINMM.dll
0x000007fefc490000 - 0x000007fefc49c000 	C:\Windows\system32\VERSION.dll
0x00000000770c0000 - 0x00000000770c7000 	C:\Windows\system32\PSAPI.DLL
0x000007fefae50000 - 0x000007fefae5f000 	C:\Program Files\Android\Android Studio1\jre\jre\bin\verify.dll
0x000007fef6390000 - 0x000007fef63b9000 	C:\Program Files\Android\Android Studio1\jre\jre\bin\java.dll
0x000007fefae30000 - 0x000007fefae46000 	C:\Program Files\Android\Android Studio1\jre\jre\bin\zip.dll
0x000007fefd9b0000 - 0x000007fefe736000 	C:\Windows\system32\SHELL32.dll
0x000007fefe940000 - 0x000007fefeb41000 	C:\Windows\system32\ole32.dll
0x000007fefd370000 - 0x000007fefd37f000 	C:\Windows\system32\profapi.dll
0x000007fefad80000 - 0x000007fefad9a000 	C:\Program Files\Android\Android Studio1\jre\jre\bin\net.dll
0x000007fefcbe0000 - 0x000007fefcc34000 	C:\Windows\system32\mswsock.dll
0x000007fefcbd0000 - 0x000007fefcbd7000 	C:\Windows\System32\wship6.dll
0x000007fef6370000 - 0x000007fef6381000 	C:\Program Files\Android\Android Studio1\jre\jre\bin\nio.dll
0x000007fef0150000 - 0x000007fef0162000 	C:\Users\Ordolar\.gradle\native\19\windows-amd64\native-platform.dll
0x000007fefcc40000 - 0x000007fefcc57000 	C:\Windows\system32\CRYPTSP.dll
0x000007fefc940000 - 0x000007fefc987000 	C:\Windows\system32\rsaenh.dll
0x000007fefc670000 - 0x000007fefc68e000 	C:\Windows\system32\USERENV.dll
0x000007fefd2a0000 - 0x000007fefd2af000 	C:\Windows\system32\CRYPTBASE.dll
0x000007fefad10000 - 0x000007fefad37000 	C:\Windows\system32\IPHLPAPI.DLL
0x000007fefacf0000 - 0x000007fefacfb000 	C:\Windows\system32\WINNSI.DLL
0x000007fefac20000 - 0x000007fefac31000 	C:\Windows\system32\dhcpcsvc6.DLL
0x000007fefac00000 - 0x000007fefac18000 	C:\Windows\system32\dhcpcsvc.DLL
0x000007fefae60000 - 0x000007fefae6d000 	C:\Program Files\Android\Android Studio1\jre\jre\bin\management.dll
0x000007fefd240000 - 0x000007fefd297000 	C:\Windows\system32\apphelp.dll
0x000007fef5340000 - 0x000007fef5465000 	C:\Windows\system32\dbghelp.dll

VM Arguments:
jvm_args: -Xmx1536m -Dfile.encoding=windows-1252 -Duser.country=ES -Duser.language=es -Duser.variant 
java_command: org.gradle.launcher.daemon.bootstrap.GradleDaemon 2.14.1
java_class_path (initial): C:\Program Files\Android\Android Studio1\gradle\gradle-2.14.1\lib\gradle-launcher-2.14.1.jar
Launcher Type: SUN_STANDARD

Environment Variables:
JAVA_HOME=C:\Program Files\Java\jdk1.8.0_65
PATH=C:\oracle\product\10.2.0\db_1\bin;C:\ProgramData\Oracle\Java\javapath;C:\Program Files (x86)\PC Connectivity Solution\;C:\Program Files\Common Files\Microsoft Shared\Windows Live;C:\Program Files (x86)\Common Files\Microsoft Shared\Windows Live;C:\Program Files (x86)\NVIDIA Corporation\PhysX\Common;C:\Windows\system32;C:\Windows;C:\Windows\System32\Wbem;C:\Windows\System32\WindowsPowerShell\v1.0\;C:\Program Files (x86)\Smart Projects\IsoBuster;C:\Program Files (x86)\Microsoft SQL Server\100\Tools\Binn\;C:\Program Files\Microsoft SQL Server\100\Tools\Binn\;C:\Program Files\Microsoft SQL Server\100\DTS\Binn\;C:\Program Files (x86)\Microsoft SQL Server\100\Tools\Binn\VSShell\Common7\IDE\;C:\Program Files (x86)\Microsoft SQL Server\100\DTS\Binn\;c:\Program Files (x86)\Microsoft SQL Server\90\Tools\binn\;C:\Program Files (x86)\Common Files\Ulead Systems\MPEG;C:\Program Files (x86)\Windows Live\Shared;C:\Program Files (x86)\Common Files\Adobe\AGL;C:\Program Files\MySQL\MySQL Utilities 1.6\;C:\Program Files (x86)\SSH Communications Security\SSH Secure Shell
USERNAME=Ordolar
OS=Windows_NT
PROCESSOR_IDENTIFIER=Intel64 Family 6 Model 23 Stepping 10, GenuineIntel



---------------  S Y S T E M  ---------------

OS: Windows 7 , 64 bit Build 7600 (6.1.7600.16385)

CPU:total 2 (2 cores per cpu, 1 threads per core) family 6 model 23 stepping 10, cmov, cx8, fxsr, mmx, sse, sse2, sse3, ssse3, tsc

Memory: 4k page, physical 4193524k(464984k free), swap 9095076k(1127100k free)

vm_info: OpenJDK 64-Bit Server VM (25.76-b03) for windows-amd64 JRE (1.8.0_76-release-b03), built on Jun 29 2016 19:09:20 by "ralucas" with MS VC++ 10.0 (VS2010)

time: Fri Feb 03 11:40:17 2017
elapsed time: 1207 seconds (0d 0h 20m 7s)

