#
# A fatal error has been detected by the Java Runtime Environment:
#
#  EXCEPTION_ACCESS_VIOLATION (0xc0000005) at pc=0xffffffffa57f5120, pid=6560, tid=0x0000000000001594
#
# JRE version: OpenJDK Runtime Environment (8.0_76-b03) (build 1.8.0_76-release-b03)
# Java VM: OpenJDK 64-Bit Server VM (25.76-b03 mixed mode windows-amd64 compressed oops)
# Problematic frame:
# C  0xffffffffa57f5120
#
# Failed to write core dump. Minidumps are not enabled by default on client versions of Windows
#
# If you would like to submit a bug report, please visit:
#   http://bugreport.java.com/bugreport/crash.jsp
#

---------------  T H R E A D  ---------------

Current thread (0x000000005c082000):  JavaThread "Daemon worker Thread 6" [_thread_in_Java, id=5524, stack(0x000000005f110000,0x000000005f210000)]

siginfo: ExceptionCode=0xc0000005, ExceptionInformation=0x0000000000000008 0xffffffffa57f5120

Registers:
RAX=0x00000000e22b5838, RBX=0x00000000e22b4888, RCX=0x00000000007115ab, RDX=0x00000000e22b5020
RSP=0x000000005f20c3b8, RBP=0x00000000e22b5020, RSI=0x000000000028aca0, RDI=0x00000000e22b57c0
R8 =0x0000000000000015, R9 =0x0000000000000002, R10=0x00000000e22b5020, R11=0x0000000015ecb570
R12=0x0000000000000000, R13=0x00000000e22b5100, R14=0x0000000000000197, R15=0x000000005c082000
RIP=0xffffffffa57f5120, EFLAGS=0x0000000000010246

Top of Stack: (sp=0x000000005f20c3b8)
0x000000005f20c3b8:   00000000055244d4 000000005f20c448
0x000000005f20c3c8:   00000000027f7a01 000000005c082000
0x000000005f20c3d8:   00000000027f7a01 000005ea00000480
0x000000005f20c3e8:   e22b437800000002 e22b3ac80000046c
0x000000005f20c3f8:   000004740000001a 00000000e22afca8
0x000000005f20c408:   00000000e22b5020 0000000400000018
0x000000005f20c418:   0000048c00000004 00000000e22b53a8
0x000000005f20c428:   00000000e22b4430 00000000e22b3ac8
0x000000005f20c438:   0000000015ec8370 0000000015ec7f28
0x000000005f20c448:   00000000e22b4378 0000000015711610
0x000000005f20c458:   0000047c00000015 e22b41b80000047e
0x000000005f20c468:   00000007e22b40c8 0000047de22b3ac8
0x000000005f20c478:   0000048400000478 0000047c00000480
0x000000005f20c488:   000000000000047b 00000000e22b4888
0x000000005f20c498:   000004e3000004e2 00000000e22b55e0
0x000000005f20c4a8:   00000000e22b4378 0000000000000006 

Instructions: (pc=0xffffffffa57f5120)
0xffffffffa57f5100:   
[error occurred during error reporting (printing registers, top of stack, instructions near pc), id 0xc0000005]

Register to memory mapping:

RAX=0x00000000e22b5838 is an oop
org.objectweb.asm.tree.LineNumberNode 
 - klass: 'org/objectweb/asm/tree/LineNumberNode'
RBX=0x00000000e22b4888 is an oop
java.lang.String 
 - klass: 'java/lang/String'
RCX=0x00000000007115ab is an unknown value
RDX=0x00000000e22b5020 is an oop
org.objectweb.asm.tree.MethodNode 
 - klass: 'org/objectweb/asm/tree/MethodNode'
RSP=0x000000005f20c3b8 is pointing into the stack for thread: 0x000000005c082000
RBP=0x00000000e22b5020 is an oop
org.objectweb.asm.tree.MethodNode 
 - klass: 'org/objectweb/asm/tree/MethodNode'
RSI=0x000000000028aca0 is an unknown value
RDI=0x00000000e22b57c0 is an oop
org.objectweb.asm.tree.JumpInsnNode 
 - klass: 'org/objectweb/asm/tree/JumpInsnNode'
R8 =0x0000000000000015 is an unknown value
R9 =0x0000000000000002 is an unknown value
R10=0x00000000e22b5020 is an oop
org.objectweb.asm.tree.MethodNode 
 - klass: 'org/objectweb/asm/tree/MethodNode'
R11=0x0000000015ecb570 is pointing into metadata
R12=0x0000000000000000 is an unknown value
R13=0x00000000e22b5100 is an oop
org.objectweb.asm.tree.InsnList 
 - klass: 'org/objectweb/asm/tree/InsnList'
R14=0x0000000000000197 is an unknown value
R15=0x000000005c082000 is a thread


Stack: [0x000000005f110000,0x000000005f210000],  sp=0x000000005f20c3b8,  free space=1008k
Native frames: (J=compiled Java code, j=interpreted, Vv=VM code, C=native code)
C  0xffffffffa57f5120


---------------  P R O C E S S  ---------------

Java Threads: ( => current thread )
  0x000000005c083800 JavaThread "Stdin handler" [_thread_blocked, id=6816, stack(0x000000005fba0000,0x000000005fca0000)]
  0x000000005c083000 JavaThread "Asynchronous log dispatcher for org.gradle.launcher.daemon.server.DefaultDaemonConnection@71147a81" [_thread_blocked, id=7060, stack(0x000000005a710000,0x000000005a810000)]
  0x000000005c07f000 JavaThread "Cancel handler" [_thread_blocked, id=8044, stack(0x000000005a580000,0x000000005a680000)]
  0x000000005c084800 JavaThread "Handler for socket connection from /127.0.0.1:57545 to /127.0.0.1:60023" [_thread_in_native, id=4128, stack(0x000000005a310000,0x000000005a410000)]
=>0x000000005c082000 JavaThread "Daemon worker Thread 6" [_thread_in_Java, id=5524, stack(0x000000005f110000,0x000000005f210000)]
  0x000000005c080000 JavaThread "Daemon Thread 6" [_thread_blocked, id=7808, stack(0x000000005a480000,0x000000005a580000)]
  0x000000005d4e1800 JavaThread "pool-7-thread-4" [_thread_blocked, id=6368, stack(0x000000005ac00000,0x000000005ad00000)]
  0x000000005d4e0000 JavaThread "pool-7-thread-3" [_thread_blocked, id=7292, stack(0x000000005f270000,0x000000005f370000)]
  0x000000005c081800 JavaThread "pool-7-thread-1" [_thread_blocked, id=7620, stack(0x000000005fd50000,0x000000005fe50000)]
  0x000000005c080800 JavaThread "pool-7-thread-2" [_thread_blocked, id=7944, stack(0x000000005fa70000,0x000000005fb70000)]
  0x000000005c12c000 JavaThread "File lock request listener" [_thread_in_native, id=6232, stack(0x000000005da00000,0x000000005db00000)]
  0x0000000058790800 JavaThread "pool-1-thread-1" [_thread_blocked, id=7768, stack(0x00000000598c0000,0x00000000599c0000)]
  0x00000000588fa000 JavaThread "Incoming local TCP Connector on port 57545" [_thread_in_native, id=3004, stack(0x0000000058420000,0x0000000058520000)]
  0x00000000573d0800 JavaThread "Service Thread" daemon [_thread_blocked, id=7840, stack(0x00000000578b0000,0x00000000579b0000)]
  0x00000000560ff000 JavaThread "C1 CompilerThread1" daemon [_thread_blocked, id=7276, stack(0x0000000056f80000,0x0000000057080000)]
  0x00000000560a7000 JavaThread "C2 CompilerThread0" daemon [_thread_blocked, id=7668, stack(0x00000000572c0000,0x00000000573c0000)]
  0x00000000560a5800 JavaThread "Attach Listener" daemon [_thread_blocked, id=7692, stack(0x0000000057110000,0x0000000057210000)]
  0x00000000560b4000 JavaThread "Signal Dispatcher" daemon [_thread_blocked, id=544, stack(0x0000000056e20000,0x0000000056f20000)]
  0x000000005608c800 JavaThread "Finalizer" daemon [_thread_blocked, id=7508, stack(0x0000000056c80000,0x0000000056d80000)]
  0x0000000056043000 JavaThread "Reference Handler" daemon [_thread_blocked, id=6532, stack(0x0000000056aa0000,0x0000000056ba0000)]
  0x00000000023ce800 JavaThread "main" [_thread_blocked, id=7720, stack(0x0000000002420000,0x0000000002520000)]

Other Threads:
  0x000000005603a800 VMThread [stack: 0x0000000056990000,0x0000000056a90000] [id=3412]
  0x00000000573d1800 WatcherThread [stack: 0x0000000057b00000,0x0000000057c00000] [id=3892]

VM state:not at safepoint (normal execution)

VM Mutex/Monitor currently owned by a thread: None

Heap:
 PSYoungGen      total 371712K, used 42610K [0x00000000e0000000, 0x00000000f7e80000, 0x0000000100000000)
  eden space 365056K, 10% used [0x00000000e0000000,0x00000000e24136c8,0x00000000f6480000)
  from space 6656K, 85% used [0x00000000f7800000,0x00000000f7d89270,0x00000000f7e80000)
  to   space 13312K, 0% used [0x00000000f6480000,0x00000000f6480000,0x00000000f7180000)
 ParOldGen       total 89088K, used 32487K [0x00000000a0000000, 0x00000000a5700000, 0x00000000e0000000)
  object space 89088K, 36% used [0x00000000a0000000,0x00000000a1fb9e68,0x00000000a5700000)
 Metaspace       used 68130K, capacity 71318K, committed 71832K, reserved 1112064K
  class space    used 8490K, capacity 8947K, committed 9112K, reserved 1048576K

Card table byte_map: [0x0000000011bb0000,0x0000000011ec0000] byte_map_base: 0x00000000116b0000

Marking Bits: (ParMarkBitMap*) 0x000000005a239d00
 Begin Bits: [0x0000000012410000, 0x0000000013c10000)
 End Bits:   [0x0000000013c10000, 0x0000000015410000)

Polling page: 0x0000000000130000

CodeCache: size=245760Kb used=49133Kb max_used=49147Kb free=196626Kb
 bounds [0x00000000027f0000, 0x0000000005840000, 0x00000000117f0000]
 total_blobs=14562 nmethods=13818 adapters=656
 compilation: enabled

Compilation events (10 events):
Event: 1966.614 Thread 0x00000000560a7000 17982       4       java.util.TimSort::sort (229 bytes)
Event: 1966.614 Thread 0x00000000560ff000 17981       3       java.util.Spliterator::getExactSizeIfKnown (25 bytes)
Event: 1966.615 Thread 0x00000000560ff000 nmethod 17981 0x00000000058277d0 code [0x0000000005827940, 0x0000000005827c78]
Event: 1966.753 Thread 0x00000000560ff000 17984       1       com.android.build.gradle.internal.pipeline.ImmutableTransformInput::getDirectoryInputs (5 bytes)
Event: 1966.753 Thread 0x00000000560ff000 nmethod 17984 0x0000000005827510 code [0x0000000005827660, 0x0000000005827770]
Event: 1966.774 Thread 0x00000000560a7000 nmethod 17982 0x000000000582d9d0 code [0x000000000582dc00, 0x0000000005830028]
Event: 1966.774 Thread 0x00000000560a7000 17983   !   4       sun.reflect.GeneratedMethodAccessor16::invoke (96 bytes)
Event: 1966.790 Thread 0x00000000560a7000 nmethod 17983 0x0000000005829410 code [0x00000000058295c0, 0x0000000005829ca8]
Event: 1966.794 Thread 0x00000000560a7000 17985       4       org.objectweb.asm.tree.MethodNode::visitVarInsn (17 bytes)
Event: 1966.797 Thread 0x00000000560a7000 nmethod 17985 0x000000000582a910 code [0x000000000582aa60, 0x000000000582ab98]

GC Heap History (10 events):
Event: 708.159 GC heap before
{Heap before GC invocations=29 (full 8):
 PSYoungGen      total 336384K, used 1812K [0x00000000e0000000, 0x00000000f6380000, 0x0000000100000000)
  eden space 334336K, 0% used [0x00000000e0000000,0x00000000e0000000,0x00000000f4680000)
  from space 2048K, 88% used [0x00000000f4680000,0x00000000f48452a0,0x00000000f4880000)
  to   space 14848K, 0% used [0x00000000f5500000,0x00000000f5500000,0x00000000f6380000)
 ParOldGen       total 89088K, used 37204K [0x00000000a0000000, 0x00000000a5700000, 0x00000000e0000000)
  object space 89088K, 41% used [0x00000000a0000000,0x00000000a2455250,0x00000000a5700000)
 Metaspace       used 67713K, capacity 70554K, committed 70680K, reserved 1112064K
  class space    used 8486K, capacity 8951K, committed 8984K, reserved 1048576K
Event: 708.997 GC heap after
Heap after GC invocations=29 (full 8):
 PSYoungGen      total 336384K, used 0K [0x00000000e0000000, 0x00000000f6380000, 0x0000000100000000)
  eden space 334336K, 0% used [0x00000000e0000000,0x00000000e0000000,0x00000000f4680000)
  from space 2048K, 0% used [0x00000000f4680000,0x00000000f4680000,0x00000000f4880000)
  to   space 14848K, 0% used [0x00000000f5500000,0x00000000f5500000,0x00000000f6380000)
 ParOldGen       total 89088K, used 36259K [0x00000000a0000000, 0x00000000a5700000, 0x00000000e0000000)
  object space 89088K, 40% used [0x00000000a0000000,0x00000000a2368df0,0x00000000a5700000)
 Metaspace       used 67713K, capacity 70554K, committed 70680K, reserved 1112064K
  class space    used 8486K, capacity 8951K, committed 8984K, reserved 1048576K
}
Event: 823.686 GC heap before
{Heap before GC invocations=30 (full 8):
 PSYoungGen      total 336384K, used 334336K [0x00000000e0000000, 0x00000000f6380000, 0x0000000100000000)
  eden space 334336K, 100% used [0x00000000e0000000,0x00000000f4680000,0x00000000f4680000)
  from space 2048K, 0% used [0x00000000f4680000,0x00000000f4680000,0x00000000f4880000)
  to   space 14848K, 0% used [0x00000000f5500000,0x00000000f5500000,0x00000000f6380000)
 ParOldGen       total 89088K, used 36259K [0x00000000a0000000, 0x00000000a5700000, 0x00000000e0000000)
  object space 89088K, 40% used [0x00000000a0000000,0x00000000a2368df0,0x00000000a5700000)
 Metaspace       used 67996K, capacity 71040K, committed 71320K, reserved 1112064K
  class space    used 8518K, capacity 8990K, committed 9112K, reserved 1048576K
Event: 823.705 GC heap after
Heap after GC invocations=30 (full 8):
 PSYoungGen      total 349696K, used 4448K [0x00000000e0000000, 0x00000000f8680000, 0x0000000100000000)
  eden space 334848K, 0% used [0x00000000e0000000,0x00000000e0000000,0x00000000f4700000)
  from space 14848K, 29% used [0x00000000f5500000,0x00000000f5958000,0x00000000f6380000)
  to   space 14336K, 0% used [0x00000000f4700000,0x00000000f4700000,0x00000000f5500000)
 ParOldGen       total 89088K, used 36267K [0x00000000a0000000, 0x00000000a5700000, 0x00000000e0000000)
  object space 89088K, 40% used [0x00000000a0000000,0x00000000a236adf0,0x00000000a5700000)
 Metaspace       used 67996K, capacity 71040K, committed 71320K, reserved 1112064K
  class space    used 8518K, capacity 8990K, committed 9112K, reserved 1048576K
}
Event: 1890.692 GC heap before
{Heap before GC invocations=31 (full 8):
 PSYoungGen      total 349696K, used 241601K [0x00000000e0000000, 0x00000000f8680000, 0x0000000100000000)
  eden space 334848K, 70% used [0x00000000e0000000,0x00000000ee798760,0x00000000f4700000)
  from space 14848K, 29% used [0x00000000f5500000,0x00000000f5958000,0x00000000f6380000)
  to   space 14336K, 0% used [0x00000000f4700000,0x00000000f4700000,0x00000000f5500000)
 ParOldGen       total 89088K, used 36267K [0x00000000a0000000, 0x00000000a5700000, 0x00000000e0000000)
  object space 89088K, 40% used [0x00000000a0000000,0x00000000a236adf0,0x00000000a5700000)
 Metaspace       used 68399K, capacity 71588K, committed 71832K, reserved 1112064K
  class space    used 8559K, capacity 9040K, committed 9112K, reserved 1048576K
Event: 1890.706 GC heap after
Heap after GC invocations=31 (full 8):
 PSYoungGen      total 349184K, used 2790K [0x00000000e0000000, 0x00000000f8580000, 0x0000000100000000)
  eden space 334848K, 0% used [0x00000000e0000000,0x00000000e0000000,0x00000000f4700000)
  from space 14336K, 19% used [0x00000000f4700000,0x00000000f49b9bd8,0x00000000f5500000)
  to   space 13824K, 0% used [0x00000000f7800000,0x00000000f7800000,0x00000000f8580000)
 ParOldGen       total 89088K, used 36275K [0x00000000a0000000, 0x00000000a5700000, 0x00000000e0000000)
  object space 89088K, 40% used [0x00000000a0000000,0x00000000a236cdf0,0x00000000a5700000)
 Metaspace       used 68399K, capacity 71588K, committed 71832K, reserved 1112064K
  class space    used 8559K, capacity 9040K, committed 9112K, reserved 1048576K
}
Event: 1890.706 GC heap before
{Heap before GC invocations=32 (full 9):
 PSYoungGen      total 349184K, used 2790K [0x00000000e0000000, 0x00000000f8580000, 0x0000000100000000)
  eden space 334848K, 0% used [0x00000000e0000000,0x00000000e0000000,0x00000000f4700000)
  from space 14336K, 19% used [0x00000000f4700000,0x00000000f49b9bd8,0x00000000f5500000)
  to   space 13824K, 0% used [0x00000000f7800000,0x00000000f7800000,0x00000000f8580000)
 ParOldGen       total 89088K, used 36275K [0x00000000a0000000, 0x00000000a5700000, 0x00000000e0000000)
  object space 89088K, 40% used [0x00000000a0000000,0x00000000a236cdf0,0x00000000a5700000)
 Metaspace       used 68399K, capacity 71588K, committed 71832K, reserved 1112064K
  class space    used 8559K, capacity 9040K, committed 9112K, reserved 1048576K
Event: 1891.174 GC heap after
Heap after GC invocations=32 (full 9):
 PSYoungGen      total 349184K, used 0K [0x00000000e0000000, 0x00000000f8580000, 0x0000000100000000)
  eden space 334848K, 0% used [0x00000000e0000000,0x00000000e0000000,0x00000000f4700000)
  from space 14336K, 0% used [0x00000000f4700000,0x00000000f4700000,0x00000000f5500000)
  to   space 13824K, 0% used [0x00000000f7800000,0x00000000f7800000,0x00000000f8580000)
 ParOldGen       total 89088K, used 32487K [0x00000000a0000000, 0x00000000a5700000, 0x00000000e0000000)
  object space 89088K, 36% used [0x00000000a0000000,0x00000000a1fb9e68,0x00000000a5700000)
 Metaspace       used 67676K, capacity 70748K, committed 71832K, reserved 1112064K
  class space    used 8435K, capacity 8878K, committed 9112K, reserved 1048576K
}
Event: 1965.272 GC heap before
{Heap before GC invocations=33 (full 9):
 PSYoungGen      total 349184K, used 334848K [0x00000000e0000000, 0x00000000f8580000, 0x0000000100000000)
  eden space 334848K, 100% used [0x00000000e0000000,0x00000000f4700000,0x00000000f4700000)
  from space 14336K, 0% used [0x00000000f4700000,0x00000000f4700000,0x00000000f5500000)
  to   space 13824K, 0% used [0x00000000f7800000,0x00000000f7800000,0x00000000f8580000)
 ParOldGen       total 89088K, used 32487K [0x00000000a0000000, 0x00000000a5700000, 0x00000000e0000000)
  object space 89088K, 36% used [0x00000000a0000000,0x00000000a1fb9e68,0x00000000a5700000)
 Metaspace       used 68107K, capacity 71318K, committed 71832K, reserved 1112064K
  class space    used 8490K, capacity 8947K, committed 9112K, reserved 1048576K
Event: 1965.294 GC heap after
Heap after GC invocations=33 (full 9):
 PSYoungGen      total 371712K, used 5668K [0x00000000e0000000, 0x00000000f7e80000, 0x0000000100000000)
  eden space 365056K, 0% used [0x00000000e0000000,0x00000000e0000000,0x00000000f6480000)
  from space 6656K, 85% used [0x00000000f7800000,0x00000000f7d89270,0x00000000f7e80000)
  to   space 13312K, 0% used [0x00000000f6480000,0x00000000f6480000,0x00000000f7180000)
 ParOldGen       total 89088K, used 32487K [0x00000000a0000000, 0x00000000a5700000, 0x00000000e0000000)
  object space 89088K, 36% used [0x00000000a0000000,0x00000000a1fb9e68,0x00000000a5700000)
 Metaspace       used 68107K, capacity 71318K, committed 71832K, reserved 1112064K
  class space    used 8490K, capacity 8947K, committed 9112K, reserved 1048576K
}

Deoptimization events (10 events):
Event: 1923.166 Thread 0x000000005c082000 Uncommon trap: reason=array_check action=maybe_recompile pc=0x00000000055764f8 method=java.util.TimSort.mergeLo(IIII)V @ 245
Event: 1923.166 Thread 0x000000005c082000 Uncommon trap: reason=array_check action=maybe_recompile pc=0x00000000055764f8 method=java.util.TimSort.mergeLo(IIII)V @ 245
Event: 1924.756 Thread 0x000000005c082000 Uncommon trap: reason=array_check action=maybe_recompile pc=0x00000000055ced8c method=java.util.TimSort.mergeLo(IIII)V @ 375
Event: 1924.756 Thread 0x000000005c082000 Uncommon trap: reason=array_check action=maybe_recompile pc=0x00000000055ced8c method=java.util.TimSort.mergeLo(IIII)V @ 375
Event: 1925.274 Thread 0x000000005c082000 Uncommon trap: reason=array_check action=maybe_recompile pc=0x00000000055d7ce0 method=java.util.TimSort.mergeLo(IIII)V @ 468
Event: 1925.274 Thread 0x000000005c082000 Uncommon trap: reason=array_check action=maybe_recompile pc=0x00000000055d7ce0 method=java.util.TimSort.mergeLo(IIII)V @ 468
Event: 1925.511 Thread 0x000000005d4e1800 Uncommon trap: reason=unstable_if action=reinterpret pc=0x00000000038998ec method=java.lang.ref.SoftReference.get()Ljava/lang/Object; @ 6
Event: 1925.765 Thread 0x0000000058c47000 Uncommon trap: reason=bimorphic action=maybe_recompile pc=0x0000000004540cdc method=com.android.dx.rop.code.InsnList.contentEquals(Lcom/android/dx/rop/code/InsnList;)Z @ 38
Event: 1925.766 Thread 0x0000000058c47000 Uncommon trap: reason=unstable_if action=reinterpret pc=0x00000000052f8944 method=com.android.dx.ssa.LocalVariableInfo.mergeStarts(ILcom/android/dx/rop/code/RegisterSpecSet;)Z @ 40
Event: 1963.462 Thread 0x000000005c082000 Uncommon trap: reason=unstable_if action=reinterpret pc=0x0000000002ca41a4 method=java.lang.ref.SoftReference.get()Ljava/lang/Object; @ 6

Internal exceptions (10 events):
Event: 823.003 Thread 0x000000005c084800 Exception <a 'java/lang/ClassNotFoundException': asLocalRepo174_9pdmhm3nxx4xcrhn2qgp4al6rBeanInfo> (0x00000000f0c39970) thrown at [C:\src\android\AOSP-openjdk\external\jetbrains\jdk\hotspot\src\share\vm\classfile\systemDictionary.cpp, line 210]
Event: 823.004 Thread 0x000000005c084800 Exception <a 'java/lang/ClassNotFoundException': asLocalRepo174_9pdmhm3nxx4xcrhn2qgp4al6rCustomizer> (0x00000000f0c43528) thrown at [C:\src\android\AOSP-openjdk\external\jetbrains\jdk\hotspot\src\share\vm\classfile\systemDictionary.cpp, line 210]
Event: 1885.875 Thread 0x000000005c082000 Exception <a 'java/lang/ClassNotFoundException': asLocalRepo155_4fdc2elp1n1jpv36uval1w1wzBeanInfo> (0x00000000e54810f0) thrown at [C:\src\android\AOSP-openjdk\external\jetbrains\jdk\hotspot\src\share\vm\classfile\systemDictionary.cpp, line 210]
Event: 1885.875 Thread 0x000000005c082000 Exception <a 'java/lang/ClassNotFoundException': asLocalRepo155_4fdc2elp1n1jpv36uval1w1wzCustomizer> (0x00000000e548aca8) thrown at [C:\src\android\AOSP-openjdk\external\jetbrains\jdk\hotspot\src\share\vm\classfile\systemDictionary.cpp, line 210]
Event: 1920.738 Thread 0x000000005c082000 Exception <a 'java/lang/ClassNotFoundException': asLocalRepo159_4wmer0o7fs1c8ykzl3h2sd2u8BeanInfo> (0x00000000e04ff8a0) thrown at [C:\src\android\AOSP-openjdk\external\jetbrains\jdk\hotspot\src\share\vm\classfile\systemDictionary.cpp, line 210]
Event: 1920.740 Thread 0x000000005c082000 Exception <a 'java/lang/ClassNotFoundException': asLocalRepo159_4wmer0o7fs1c8ykzl3h2sd2u8Customizer> (0x00000000e0509428) thrown at [C:\src\android\AOSP-openjdk\external\jetbrains\jdk\hotspot\src\share\vm\classfile\systemDictionary.cpp, line 210]
Event: 1921.625 Thread 0x000000005c082000 Implicit null exception at 0x0000000002b56ccf to 0x0000000002b56df9
Event: 1925.511 Thread 0x000000005d4e1800 Implicit null exception at 0x000000000389854c to 0x00000000038998d5
Event: 1962.309 Thread 0x000000005c082000 Exception <a 'java/lang/ClassNotFoundException': asLocalRepo933_5jqttvcuvpixrjthf6o4mmp90BeanInfo> (0x00000000ee133058) thrown at [C:\src\android\AOSP-openjdk\external\jetbrains\jdk\hotspot\src\share\vm\classfile\systemDictionary.cpp, line 210]
Event: 1962.310 Thread 0x000000005c082000 Exception <a 'java/lang/ClassNotFoundException': asLocalRepo933_5jqttvcuvpixrjthf6o4mmp90Customizer> (0x00000000ee13cbe0) thrown at [C:\src\android\AOSP-openjdk\external\jetbrains\jdk\hotspot\src\share\vm\classfile\systemDictionary.cpp, line 210]

Events (10 events):
Event: 1965.295 Executing VM operation: RevokeBias
Event: 1965.295 Executing VM operation: RevokeBias done
Event: 1965.295 Executing VM operation: RevokeBias
Event: 1965.295 Executing VM operation: RevokeBias done
Event: 1965.591 Thread 0x000000005c082000 DEOPT PACKING pc=0x0000000002b35066 sp=0x000000005f20bd30
Event: 1965.591 Thread 0x000000005c082000 DEOPT UNPACKING pc=0x00000000028371bf sp=0x000000005f20ba60 mode 0
Event: 1965.668 Thread 0x000000005c082000 DEOPT PACKING pc=0x0000000003f49d4f sp=0x000000005f20aa20
Event: 1965.669 Thread 0x000000005c082000 DEOPT UNPACKING pc=0x00000000028371bf sp=0x000000005f20a820 mode 0
Event: 1965.836 Thread 0x000000005c082000 DEOPT PACKING pc=0x0000000003f49d4f sp=0x000000005f209bd0
Event: 1965.836 Thread 0x000000005c082000 DEOPT UNPACKING pc=0x00000000028371bf sp=0x000000005f2099d0 mode 0


Dynamic libraries:
0x000000013f290000 - 0x000000013f2c1000 	C:\Program Files\Android\Android Studio1\jre\bin\java.exe
0x0000000076f00000 - 0x00000000770ab000 	C:\Windows\SYSTEM32\ntdll.dll
0x0000000076a30000 - 0x0000000076b4f000 	C:\Windows\system32\kernel32.dll
0x000007fefd5d0000 - 0x000007fefd63b000 	C:\Windows\system32\KERNELBASE.dll
0x000007fefe740000 - 0x000007fefe81b000 	C:\Windows\system32\ADVAPI32.dll
0x000007fefe820000 - 0x000007fefe8bf000 	C:\Windows\system32\msvcrt.dll
0x000007fefe8c0000 - 0x000007fefe8df000 	C:\Windows\SYSTEM32\sechost.dll
0x000007fefebd0000 - 0x000007fefecfe000 	C:\Windows\system32\RPCRT4.dll
0x0000000076b50000 - 0x0000000076c4a000 	C:\Windows\system32\USER32.dll
0x000007fefeee0000 - 0x000007fefef47000 	C:\Windows\system32\GDI32.dll
0x000007fefe8e0000 - 0x000007fefe8ee000 	C:\Windows\system32\LPK.dll
0x000007fefd8e0000 - 0x000007fefd9aa000 	C:\Windows\system32\USP10.dll
0x000007fefbfa0000 - 0x000007fefc194000 	C:\Windows\WinSxS\amd64_microsoft.windows.common-controls_6595b64144ccf1df_6.0.7600.16385_none_fa645303170382f6\COMCTL32.dll
0x000007fefed00000 - 0x000007fefed71000 	C:\Windows\system32\SHLWAPI.dll
0x000007fefef60000 - 0x000007fefef8e000 	C:\Windows\system32\IMM32.DLL
0x000007fefed80000 - 0x000007fefee89000 	C:\Windows\system32\MSCTF.dll
0x0000000060fb0000 - 0x0000000061082000 	C:\Program Files\Android\Android Studio1\jre\jre\bin\msvcr100.dll
0x0000000059a80000 - 0x000000005a2b4000 	C:\Program Files\Android\Android Studio1\jre\jre\bin\server\jvm.dll
0x000007fef7800000 - 0x000007fef7809000 	C:\Windows\system32\WSOCK32.dll
0x000007fefee90000 - 0x000007fefeedd000 	C:\Windows\system32\WS2_32.dll
0x000007fefef50000 - 0x000007fefef58000 	C:\Windows\system32\NSI.dll
0x000007fefb080000 - 0x000007fefb0bb000 	C:\Windows\system32\WINMM.dll
0x000007fefc490000 - 0x000007fefc49c000 	C:\Windows\system32\VERSION.dll
0x00000000770c0000 - 0x00000000770c7000 	C:\Windows\system32\PSAPI.DLL
0x000007fefae50000 - 0x000007fefae5f000 	C:\Program Files\Android\Android Studio1\jre\jre\bin\verify.dll
0x000007fef6390000 - 0x000007fef63b9000 	C:\Program Files\Android\Android Studio1\jre\jre\bin\java.dll
0x000007fefae30000 - 0x000007fefae46000 	C:\Program Files\Android\Android Studio1\jre\jre\bin\zip.dll
0x000007fefd9b0000 - 0x000007fefe736000 	C:\Windows\system32\SHELL32.dll
0x000007fefe940000 - 0x000007fefeb41000 	C:\Windows\system32\ole32.dll
0x000007fefd370000 - 0x000007fefd37f000 	C:\Windows\system32\profapi.dll
0x000007fefad80000 - 0x000007fefad9a000 	C:\Program Files\Android\Android Studio1\jre\jre\bin\net.dll
0x000007fefcbe0000 - 0x000007fefcc34000 	C:\Windows\system32\mswsock.dll
0x000007fefcbd0000 - 0x000007fefcbd7000 	C:\Windows\System32\wship6.dll
0x000007fef6370000 - 0x000007fef6381000 	C:\Program Files\Android\Android Studio1\jre\jre\bin\nio.dll
0x000007fef0150000 - 0x000007fef0162000 	C:\Users\Ordolar\.gradle\native\19\windows-amd64\native-platform.dll
0x000007fefcc40000 - 0x000007fefcc57000 	C:\Windows\system32\CRYPTSP.dll
0x000007fefc940000 - 0x000007fefc987000 	C:\Windows\system32\rsaenh.dll
0x000007fefc670000 - 0x000007fefc68e000 	C:\Windows\system32\USERENV.dll
0x000007fefd2a0000 - 0x000007fefd2af000 	C:\Windows\system32\CRYPTBASE.dll
0x000007fefad10000 - 0x000007fefad37000 	C:\Windows\system32\IPHLPAPI.DLL
0x000007fefacf0000 - 0x000007fefacfb000 	C:\Windows\system32\WINNSI.DLL
0x000007fefac20000 - 0x000007fefac31000 	C:\Windows\system32\dhcpcsvc6.DLL
0x000007fefac00000 - 0x000007fefac18000 	C:\Windows\system32\dhcpcsvc.DLL
0x000007fefae60000 - 0x000007fefae6d000 	C:\Program Files\Android\Android Studio1\jre\jre\bin\management.dll
0x000007fefd240000 - 0x000007fefd297000 	C:\Windows\system32\apphelp.dll
0x000007fef5340000 - 0x000007fef5465000 	C:\Windows\system32\dbghelp.dll

VM Arguments:
jvm_args: -Xmx1536m -Dfile.encoding=windows-1252 -Duser.country=ES -Duser.language=es -Duser.variant 
java_command: org.gradle.launcher.daemon.bootstrap.GradleDaemon 2.14.1
java_class_path (initial): C:\Program Files\Android\Android Studio1\gradle\gradle-2.14.1\lib\gradle-launcher-2.14.1.jar
Launcher Type: SUN_STANDARD

Environment Variables:
JAVA_HOME=C:\Program Files\Java\jdk1.8.0_65
PATH=C:\oracle\product\10.2.0\db_1\bin;C:\ProgramData\Oracle\Java\javapath;C:\Program Files (x86)\PC Connectivity Solution\;C:\Program Files\Common Files\Microsoft Shared\Windows Live;C:\Program Files (x86)\Common Files\Microsoft Shared\Windows Live;C:\Program Files (x86)\NVIDIA Corporation\PhysX\Common;C:\Windows\system32;C:\Windows;C:\Windows\System32\Wbem;C:\Windows\System32\WindowsPowerShell\v1.0\;C:\Program Files (x86)\Smart Projects\IsoBuster;C:\Program Files (x86)\Microsoft SQL Server\100\Tools\Binn\;C:\Program Files\Microsoft SQL Server\100\Tools\Binn\;C:\Program Files\Microsoft SQL Server\100\DTS\Binn\;C:\Program Files (x86)\Microsoft SQL Server\100\Tools\Binn\VSShell\Common7\IDE\;C:\Program Files (x86)\Microsoft SQL Server\100\DTS\Binn\;c:\Program Files (x86)\Microsoft SQL Server\90\Tools\binn\;C:\Program Files (x86)\Common Files\Ulead Systems\MPEG;C:\Program Files (x86)\Windows Live\Shared;C:\Program Files (x86)\Common Files\Adobe\AGL;C:\Program Files\MySQL\MySQL Utilities 1.6\;C:\Program Files (x86)\SSH Communications Security\SSH Secure Shell
USERNAME=Ordolar
OS=Windows_NT
PROCESSOR_IDENTIFIER=Intel64 Family 6 Model 23 Stepping 10, GenuineIntel



---------------  S Y S T E M  ---------------

OS: Windows 7 , 64 bit Build 7600 (6.1.7600.16385)

CPU:total 2 (2 cores per cpu, 1 threads per core) family 6 model 23 stepping 10, cmov, cx8, fxsr, mmx, sse, sse2, sse3, ssse3, tsc

Memory: 4k page, physical 4193524k(468912k free), swap 9095076k(1315320k free)

vm_info: OpenJDK 64-Bit Server VM (25.76-b03) for windows-amd64 JRE (1.8.0_76-release-b03), built on Jun 29 2016 19:09:20 by "ralucas" with MS VC++ 10.0 (VS2010)

time: Fri Feb 03 12:13:21 2017
elapsed time: 1967 seconds (0d 0h 32m 47s)

