#
# A fatal error has been detected by the Java Runtime Environment:
#
#  EXCEPTION_ACCESS_VIOLATION (0xc0000005) at pc=0xffffffffa4815120, pid=5512, tid=0x0000000000000a68
#
# JRE version: OpenJDK Runtime Environment (8.0_76-b03) (build 1.8.0_76-release-b03)
# Java VM: OpenJDK 64-Bit Server VM (25.76-b03 mixed mode windows-amd64 compressed oops)
# Problematic frame:
# C  0xffffffffa4815120
#
# Failed to write core dump. Minidumps are not enabled by default on client versions of Windows
#
# If you would like to submit a bug report, please visit:
#   http://bugreport.java.com/bugreport/crash.jsp
#

---------------  T H R E A D  ---------------

Current thread (0x000000005b4b1800):  JavaThread "Daemon worker Thread 15" [_thread_in_Java, id=2664, stack(0x000000005ad00000,0x000000005ae00000)]

siginfo: ExceptionCode=0xc0000005, ExceptionInformation=0x0000000000000008 0xffffffffa4815120

Registers:
RAX=0x0000000061a8b838, RBX=0x0000000061a8b838, RCX=0x00000000f309fff0, RDX=0x00000000f309fff0
RSP=0x000000005adfaa08, RBP=0x000000005adfaa70, RSI=0x00000000160b44e0, RDI=0x00000000160b32e0
R8 =0x00000000f30aa548, R9 =0x00000000f30aa500, R10=0x000000005a221bc0, R11=0x0000000003b185a0
R12=0x0000000000000000, R13=0x000000005adfaa20, R14=0x000000005adfaaa0, R15=0x000000005b4b1800
RIP=0xffffffffa4815120, EFLAGS=0x0000000000010202

Top of Stack: (sp=0x000000005adfaa08)
0x000000005adfaa08:   0000000002817790 00000000f30aa528
0x000000005adfaa18:   0000000002817790 00000000f30aa548
0x000000005adfaa28:   00000000f309fff0 000000005adfaa30
0x000000005adfaa38:   0000000061a8c8b8 000000005adfaaa0
0x000000005adfaa48:   0000000061a990b8 0000000061abd388
0x000000005adfaa58:   0000000061a8c908 000000005adfaa20
0x000000005adfaa68:   000000005adfaab0 00000000a16d0d30
0x000000005adfaa78:   00000000045d29fc 0000000000000000
0x000000005adfaa88:   00000000f30aa528 00000000000008ca
0x000000005adfaa98:   00000000f30aa120 00000000f309fff0
0x000000005adfaaa8:   00000000045d29fc 00000000f309fff0
0x000000005adfaab8:   000000005adfaaf0 00000000f30aa120
0x000000005adfaac8:   0000000005dbbd8c 0000000000000000
0x000000005adfaad8:   00000000f30a9f98 000000005adfacd8
0x000000005adfaae8:   0000000005dba8cc 000000005adfac50
0x000000005adfaaf8:   000000000527d89c 00000000f309fe40 

Instructions: (pc=0xffffffffa4815120)
0xffffffffa4815100:   
[error occurred during error reporting (printing registers, top of stack, instructions near pc), id 0xc0000005]

Register to memory mapping:

RAX={method} {0x0000000061a8b840} 'toP' '(Lcom/sun/tools/javac/tree/JCTree;)Lcom/sun/tools/javac/tree/JCTree;' in 'com/sun/tools/javac/parser/JavacParser'
RBX={method} {0x0000000061a8b840} 'toP' '(Lcom/sun/tools/javac/tree/JCTree;)Lcom/sun/tools/javac/tree/JCTree;' in 'com/sun/tools/javac/parser/JavacParser'
RCX=0x00000000f309fff0 is an oop
com.sun.tools.javac.parser.JavacParser 
 - klass: 'com/sun/tools/javac/parser/JavacParser'
RDX=0x00000000f309fff0 is an oop
com.sun.tools.javac.parser.JavacParser 
 - klass: 'com/sun/tools/javac/parser/JavacParser'
RSP=0x000000005adfaa08 is pointing into the stack for thread: 0x000000005b4b1800
RBP=0x000000005adfaa70 is pointing into the stack for thread: 0x000000005b4b1800
RSI=0x00000000160b44e0 is pointing into metadata
RDI=0x00000000160b32e0 is pointing into metadata
R8 =0x00000000f30aa548 is an oop
com.sun.tools.javac.tree.JCTree$JCAssign 
 - klass: 'com/sun/tools/javac/tree/JCTree$JCAssign'
R9 =0x00000000f30aa500 is an oop
com.sun.tools.javac.tree.JCTree$JCMethodInvocation 
 - klass: 'com/sun/tools/javac/tree/JCTree$JCMethodInvocation'
R10=0x000000005a221bc0 is an unknown value
R11=0x0000000003b185a0 is at entry_point+32 in (nmethod*)0x0000000003b18410
R12=0x0000000000000000 is an unknown value
R13=0x000000005adfaa20 is pointing into the stack for thread: 0x000000005b4b1800
R14=0x000000005adfaaa0 is pointing into the stack for thread: 0x000000005b4b1800
R15=0x000000005b4b1800 is a thread


Stack: [0x000000005ad00000,0x000000005ae00000],  sp=0x000000005adfaa08,  free space=1002k
Native frames: (J=compiled Java code, j=interpreted, Vv=VM code, C=native code)
C  0xffffffffa4815120


---------------  P R O C E S S  ---------------

Java Threads: ( => current thread )
  0x000000005b4b6800 JavaThread "pool-93-thread-1" [_thread_blocked, id=6464, stack(0x0000000062530000,0x0000000062630000)]
  0x000000005b4b3000 JavaThread "Stdin handler" [_thread_blocked, id=3788, stack(0x0000000062300000,0x0000000062400000)]
  0x000000005b4ae800 JavaThread "Asynchronous log dispatcher for org.gradle.launcher.daemon.server.DefaultDaemonConnection@5a6de173" [_thread_blocked, id=6324, stack(0x0000000062c90000,0x0000000062d90000)]
=>0x000000005b4b1800 JavaThread "Daemon worker Thread 15" [_thread_in_Java, id=2664, stack(0x000000005ad00000,0x000000005ae00000)]
  0x000000005b4b0000 JavaThread "Cancel handler" [_thread_blocked, id=6276, stack(0x000000005a7c0000,0x000000005a8c0000)]
  0x000000005b4ab800 JavaThread "Handler for socket connection from /127.0.0.1:51785 to /127.0.0.1:55947" [_thread_in_native, id=7804, stack(0x000000005a670000,0x000000005a770000)]
  0x000000005b4ad800 JavaThread "Daemon Thread 15" [_thread_blocked, id=7548, stack(0x000000005a550000,0x000000005a650000)]
  0x000000005ccf4000 JavaThread "pool-8-thread-4" [_thread_blocked, id=7696, stack(0x00000000621a0000,0x00000000622a0000)]
  0x000000005ccf5000 JavaThread "pool-8-thread-3" [_thread_blocked, id=7736, stack(0x000000005c440000,0x000000005c540000)]
  0x000000005ccf7000 JavaThread "stdout" daemon [_thread_in_native, id=7292, stack(0x0000000066af0000,0x0000000066bf0000)]
  0x000000005ccf6800 JavaThread "stderr" daemon [_thread_in_native, id=7288, stack(0x0000000066de0000,0x0000000066ee0000)]
  0x000000005ccf2800 JavaThread "stdout" daemon [_thread_in_native, id=7200, stack(0x00000000666d0000,0x00000000667d0000)]
  0x000000005ccf2000 JavaThread "stderr" daemon [_thread_in_native, id=7196, stack(0x0000000066400000,0x0000000066500000)]
  0x000000005ccf1000 JavaThread "stdout" daemon [_thread_in_native, id=7172, stack(0x00000000662e0000,0x00000000663e0000)]
  0x000000005d620000 JavaThread "stderr" daemon [_thread_in_native, id=5932, stack(0x00000000661d0000,0x00000000662d0000)]
  0x000000005d61f000 JavaThread "stdout" daemon [_thread_in_native, id=304, stack(0x0000000065ff0000,0x00000000660f0000)]
  0x000000005d61e800 JavaThread "stderr" daemon [_thread_in_native, id=6072, stack(0x0000000065e80000,0x0000000065f80000)]
  0x000000005d61a000 JavaThread "stdout" daemon [_thread_in_native, id=5600, stack(0x0000000065890000,0x0000000065990000)]
  0x000000005d619000 JavaThread "stderr" daemon [_thread_in_native, id=4880, stack(0x0000000065770000,0x0000000065870000)]
  0x000000005c1e7800 JavaThread "stdout" daemon [_thread_in_native, id=1028, stack(0x00000000654e0000,0x00000000655e0000)]
  0x000000005c1e7000 JavaThread "stderr" daemon [_thread_in_native, id=6432, stack(0x0000000064f60000,0x0000000065060000)]
  0x000000005c1e6000 JavaThread "stdout" daemon [_thread_in_native, id=4944, stack(0x0000000065360000,0x0000000065460000)]
  0x000000005c1e5800 JavaThread "stderr" daemon [_thread_in_native, id=6624, stack(0x00000000651b0000,0x00000000652b0000)]
  0x000000005c1e1000 JavaThread "stdout" daemon [_thread_in_native, id=6208, stack(0x00000000648c0000,0x00000000649c0000)]
  0x000000005ba61000 JavaThread "stderr" daemon [_thread_in_native, id=6336, stack(0x00000000649d0000,0x0000000064ad0000)]
  0x000000005ba5e800 JavaThread "stdout" daemon [_thread_in_native, id=6560, stack(0x0000000064400000,0x0000000064500000)]
  0x000000005ba5d800 JavaThread "stderr" daemon [_thread_in_native, id=6936, stack(0x0000000062400000,0x0000000062500000)]
  0x000000005b4b5000 JavaThread "pool-8-thread-2" [_thread_blocked, id=6744, stack(0x0000000062080000,0x0000000062180000)]
  0x000000005b4b6000 JavaThread "pool-8-thread-1" [_thread_blocked, id=6684, stack(0x0000000061f50000,0x0000000062050000)]
  0x0000000057ea4800 JavaThread "File lock request listener" [_thread_in_native, id=4108, stack(0x000000005c540000,0x000000005c640000)]
  0x00000000580d9800 JavaThread "pool-1-thread-1" [_thread_blocked, id=6752, stack(0x000000005a2f0000,0x000000005a3f0000)]
  0x0000000058a81000 JavaThread "Incoming local TCP Connector on port 51785" [_thread_in_native, id=1832, stack(0x0000000056fe0000,0x00000000570e0000)]
  0x00000000560c6800 JavaThread "Service Thread" daemon [_thread_blocked, id=4496, stack(0x0000000057790000,0x0000000057890000)]
  0x00000000560bb800 JavaThread "C1 CompilerThread1" daemon [_thread_blocked, id=6076, stack(0x0000000057630000,0x0000000057730000)]
  0x00000000560b9000 JavaThread "C2 CompilerThread0" daemon [_thread_blocked, id=4328, stack(0x0000000057440000,0x0000000057540000)]
  0x00000000560b7800 JavaThread "Attach Listener" daemon [_thread_blocked, id=6908, stack(0x0000000057280000,0x0000000057380000)]
  0x00000000560c2000 JavaThread "Signal Dispatcher" daemon [_thread_blocked, id=6460, stack(0x0000000057180000,0x0000000057280000)]
  0x000000005609c800 JavaThread "Finalizer" daemon [_thread_blocked, id=6632, stack(0x0000000056ee0000,0x0000000056fe0000)]
  0x0000000056053000 JavaThread "Reference Handler" daemon [_thread_blocked, id=3008, stack(0x0000000056cf0000,0x0000000056df0000)]
  0x000000000230e800 JavaThread "main" [_thread_blocked, id=764, stack(0x0000000002320000,0x0000000002420000)]

Other Threads:
  0x000000005604a800 VMThread [stack: 0x0000000056ab0000,0x0000000056bb0000] [id=5528]
  0x00000000560c8000 WatcherThread [stack: 0x00000000578e0000,0x00000000579e0000] [id=3060]

VM state:synchronizing (normal execution)

VM Mutex/Monitor currently owned by a thread:  ([mutex/lock_event])
[0x000000000230c8b0] Safepoint_lock - owner thread: 0x000000005604a800
[0x000000000230c930] Threads_lock - owner thread: 0x000000005604a800

Heap:
 PSYoungGen      total 502784K, used 312349K [0x00000000e0000000, 0x0000000100000000, 0x0000000100000000)
  eden space 480768K, 64% used [0x00000000e0000000,0x00000000f3107548,0x00000000fd580000)
  from space 22016K, 0% used [0x00000000fea80000,0x00000000fea80000,0x0000000100000000)
  to   space 21504K, 0% used [0x00000000fd580000,0x00000000fd580000,0x00000000fea80000)
 ParOldGen       total 84480K, used 48763K [0x00000000a0000000, 0x00000000a5280000, 0x00000000e0000000)
  object space 84480K, 57% used [0x00000000a0000000,0x00000000a2f9edf0,0x00000000a5280000)
 Metaspace       used 85402K, capacity 91064K, committed 91440K, reserved 1128448K
  class space    used 10922K, capacity 11698K, committed 11824K, reserved 1048576K

Card table byte_map: [0x0000000011bd0000,0x0000000011ee0000] byte_map_base: 0x00000000116d0000

Marking Bits: (ParMarkBitMap*) 0x000000005a239d00
 Begin Bits: [0x0000000012420000, 0x0000000013c20000)
 End Bits:   [0x0000000013c20000, 0x0000000015420000)

Polling page: 0x0000000000330000

CodeCache: size=245760Kb used=58759Kb max_used=58770Kb free=187000Kb
 bounds [0x0000000002810000, 0x00000000061e0000, 0x0000000011810000]
 total_blobs=17240 nmethods=16490 adapters=662
 compilation: enabled

Compilation events (10 events):
Event: 3514.541 Thread 0x00000000560b9000 22162       4       java.util.Hashtable::<init> (9 bytes)
Event: 3514.543 Thread 0x00000000560bb800 22163       3       java.util.jar.JarVerifier$3::<init> (10 bytes)
Event: 3514.543 Thread 0x00000000560bb800 nmethod 22163 0x000000000512a950 code [0x000000000512aaa0, 0x000000000512ac70]
Event: 3514.544 Thread 0x00000000560b9000 nmethod 22162 0x0000000005047c10 code [0x0000000005047d60, 0x0000000005047e58]
Event: 3514.569 Thread 0x00000000560bb800 22164       3       com.sun.tools.javac.parser.JavacParser::qualident (141 bytes)
Event: 3514.569 Thread 0x00000000560b9000 22165       4       com.sun.tools.javac.parser.JavaTokenizer::processLineTerminator (1 bytes)
Event: 3514.570 Thread 0x00000000560b9000 nmethod 22165 0x00000000049b0890 code [0x00000000049b09c0, 0x00000000049b0a18]
Event: 3514.571 Thread 0x00000000560bb800 nmethod 22164 0x000000000527d190 code [0x000000000527d4a0, 0x000000000527eb28]
Event: 3514.581 Thread 0x00000000560b9000 22166       4       com.sun.tools.javac.parser.JavacParser::toP (9 bytes)
Event: 3514.582 Thread 0x00000000560b9000 nmethod 22166 0x0000000005067990 code [0x0000000005067ae0, 0x0000000005067b78]

GC Heap History (10 events):
Event: 3161.646 GC heap before
{Heap before GC invocations=44 (full 16):
 PSYoungGen      total 480768K, used 290062K [0x00000000e0000000, 0x00000000ffd80000, 0x0000000100000000)
  eden space 478720K, 60% used [0x00000000e0000000,0x00000000f1b439b0,0x00000000fd380000)
  from space 2048K, 0% used [0x00000000fd380000,0x00000000fd380000,0x00000000fd580000)
  to   space 21504K, 0% used [0x00000000fe880000,0x00000000fe880000,0x00000000ffd80000)
 ParOldGen       total 84480K, used 48996K [0x00000000a0000000, 0x00000000a5280000, 0x00000000e0000000)
  object space 84480K, 57% used [0x00000000a0000000,0x00000000a2fd9380,0x00000000a5280000)
 Metaspace       used 84863K, capacity 90266K, committed 90544K, reserved 1128448K
  class space    used 10887K, capacity 11637K, committed 11696K, reserved 1048576K
Event: 3161.702 GC heap after
Heap after GC invocations=44 (full 16):
 PSYoungGen      total 498176K, used 3456K [0x00000000e0000000, 0x00000000ffb80000, 0x0000000100000000)
  eden space 478720K, 0% used [0x00000000e0000000,0x00000000e0000000,0x00000000fd380000)
  from space 19456K, 17% used [0x00000000fe880000,0x00000000febe0020,0x00000000ffb80000)
  to   space 20480K, 0% used [0x00000000fd380000,0x00000000fd380000,0x00000000fe780000)
 ParOldGen       total 84480K, used 49004K [0x00000000a0000000, 0x00000000a5280000, 0x00000000e0000000)
  object space 84480K, 58% used [0x00000000a0000000,0x00000000a2fdb380,0x00000000a5280000)
 Metaspace       used 84863K, capacity 90266K, committed 90544K, reserved 1128448K
  class space    used 10887K, capacity 11637K, committed 11696K, reserved 1048576K
}
Event: 3161.702 GC heap before
{Heap before GC invocations=45 (full 17):
 PSYoungGen      total 498176K, used 3456K [0x00000000e0000000, 0x00000000ffb80000, 0x0000000100000000)
  eden space 478720K, 0% used [0x00000000e0000000,0x00000000e0000000,0x00000000fd380000)
  from space 19456K, 17% used [0x00000000fe880000,0x00000000febe0020,0x00000000ffb80000)
  to   space 20480K, 0% used [0x00000000fd380000,0x00000000fd380000,0x00000000fe780000)
 ParOldGen       total 84480K, used 49004K [0x00000000a0000000, 0x00000000a5280000, 0x00000000e0000000)
  object space 84480K, 58% used [0x00000000a0000000,0x00000000a2fdb380,0x00000000a5280000)
 Metaspace       used 84863K, capacity 90266K, committed 90544K, reserved 1128448K
  class space    used 10887K, capacity 11637K, committed 11696K, reserved 1048576K
Event: 3162.328 GC heap after
Heap after GC invocations=45 (full 17):
 PSYoungGen      total 498176K, used 0K [0x00000000e0000000, 0x00000000ffb80000, 0x0000000100000000)
  eden space 478720K, 0% used [0x00000000e0000000,0x00000000e0000000,0x00000000fd380000)
  from space 19456K, 0% used [0x00000000fe880000,0x00000000fe880000,0x00000000ffb80000)
  to   space 20480K, 0% used [0x00000000fd380000,0x00000000fd380000,0x00000000fe780000)
 ParOldGen       total 84480K, used 50736K [0x00000000a0000000, 0x00000000a5280000, 0x00000000e0000000)
  object space 84480K, 60% used [0x00000000a0000000,0x00000000a318c1f0,0x00000000a5280000)
 Metaspace       used 84469K, capacity 89834K, committed 90544K, reserved 1128448K
  class space    used 10818K, capacity 11557K, committed 11696K, reserved 1048576K
}
Event: 3366.591 GC heap before
{Heap before GC invocations=46 (full 17):
 PSYoungGen      total 498176K, used 478224K [0x00000000e0000000, 0x00000000ffb80000, 0x0000000100000000)
  eden space 478720K, 99% used [0x00000000e0000000,0x00000000fd304360,0x00000000fd380000)
  from space 19456K, 0% used [0x00000000fe880000,0x00000000fe880000,0x00000000ffb80000)
  to   space 20480K, 0% used [0x00000000fd380000,0x00000000fd380000,0x00000000fe780000)
 ParOldGen       total 84480K, used 50736K [0x00000000a0000000, 0x00000000a5280000, 0x00000000e0000000)
  object space 84480K, 60% used [0x00000000a0000000,0x00000000a318c1f0,0x00000000a5280000)
 Metaspace       used 84986K, capacity 90532K, committed 90800K, reserved 1128448K
  class space    used 10879K, capacity 11676K, committed 11696K, reserved 1048576K
Event: 3366.702 GC heap after
Heap after GC invocations=46 (full 17):
 PSYoungGen      total 499200K, used 14265K [0x00000000e0000000, 0x0000000100000000, 0x0000000100000000)
  eden space 478720K, 0% used [0x00000000e0000000,0x00000000e0000000,0x00000000fd380000)
  from space 20480K, 69% used [0x00000000fd380000,0x00000000fe16e6d0,0x00000000fe780000)
  to   space 22016K, 0% used [0x00000000fea80000,0x00000000fea80000,0x0000000100000000)
 ParOldGen       total 84480K, used 50736K [0x00000000a0000000, 0x00000000a5280000, 0x00000000e0000000)
  object space 84480K, 60% used [0x00000000a0000000,0x00000000a318c1f0,0x00000000a5280000)
 Metaspace       used 84986K, capacity 90532K, committed 90800K, reserved 1128448K
  class space    used 10879K, capacity 11676K, committed 11696K, reserved 1048576K
}
Event: 3367.514 GC heap before
{Heap before GC invocations=47 (full 17):
 PSYoungGen      total 499200K, used 71110K [0x00000000e0000000, 0x0000000100000000, 0x0000000100000000)
  eden space 478720K, 11% used [0x00000000e0000000,0x00000000e37831f8,0x00000000fd380000)
  from space 20480K, 69% used [0x00000000fd380000,0x00000000fe16e6d0,0x00000000fe780000)
  to   space 22016K, 0% used [0x00000000fea80000,0x00000000fea80000,0x0000000100000000)
 ParOldGen       total 84480K, used 50736K [0x00000000a0000000, 0x00000000a5280000, 0x00000000e0000000)
  object space 84480K, 60% used [0x00000000a0000000,0x00000000a318c1f0,0x00000000a5280000)
 Metaspace       used 84987K, capacity 90532K, committed 90800K, reserved 1128448K
  class space    used 10879K, capacity 11676K, committed 11696K, reserved 1048576K
Event: 3367.520 GC heap after
Heap after GC invocations=47 (full 17):
 PSYoungGen      total 502784K, used 928K [0x00000000e0000000, 0x0000000100000000, 0x0000000100000000)
  eden space 480768K, 0% used [0x00000000e0000000,0x00000000e0000000,0x00000000fd580000)
  from space 22016K, 4% used [0x00000000fea80000,0x00000000feb68368,0x0000000100000000)
  to   space 21504K, 0% used [0x00000000fd580000,0x00000000fd580000,0x00000000fea80000)
 ParOldGen       total 84480K, used 50736K [0x00000000a0000000, 0x00000000a5280000, 0x00000000e0000000)
  object space 84480K, 60% used [0x00000000a0000000,0x00000000a318c1f0,0x00000000a5280000)
 Metaspace       used 84987K, capacity 90532K, committed 90800K, reserved 1128448K
  class space    used 10879K, capacity 11676K, committed 11696K, reserved 1048576K
}
Event: 3367.520 GC heap before
{Heap before GC invocations=48 (full 18):
 PSYoungGen      total 502784K, used 928K [0x00000000e0000000, 0x0000000100000000, 0x0000000100000000)
  eden space 480768K, 0% used [0x00000000e0000000,0x00000000e0000000,0x00000000fd580000)
  from space 22016K, 4% used [0x00000000fea80000,0x00000000feb68368,0x0000000100000000)
  to   space 21504K, 0% used [0x00000000fd580000,0x00000000fd580000,0x00000000fea80000)
 ParOldGen       total 84480K, used 50736K [0x00000000a0000000, 0x00000000a5280000, 0x00000000e0000000)
  object space 84480K, 60% used [0x00000000a0000000,0x00000000a318c1f0,0x00000000a5280000)
 Metaspace       used 84987K, capacity 90532K, committed 90800K, reserved 1128448K
  class space    used 10879K, capacity 11676K, committed 11696K, reserved 1048576K
Event: 3367.928 GC heap after
Heap after GC invocations=48 (full 18):
 PSYoungGen      total 502784K, used 0K [0x00000000e0000000, 0x0000000100000000, 0x0000000100000000)
  eden space 480768K, 0% used [0x00000000e0000000,0x00000000e0000000,0x00000000fd580000)
  from space 22016K, 0% used [0x00000000fea80000,0x00000000fea80000,0x0000000100000000)
  to   space 21504K, 0% used [0x00000000fd580000,0x00000000fd580000,0x00000000fea80000)
 ParOldGen       total 84480K, used 48763K [0x00000000a0000000, 0x00000000a5280000, 0x00000000e0000000)
  object space 84480K, 57% used [0x00000000a0000000,0x00000000a2f9edf0,0x00000000a5280000)
 Metaspace       used 84813K, capacity 90348K, committed 90800K, reserved 1128448K
  class space    used 10847K, capacity 11636K, committed 11696K, reserved 1048576K
}

Deoptimization events (10 events):
Event: 3421.958 Thread 0x000000005ba5a800 Uncommon trap: reason=class_check action=maybe_recompile pc=0x00000000060e1aa0 method=com.android.dx.rop.type.Type.equals(Ljava/lang/Object;)Z @ 8
Event: 3421.958 Thread 0x000000005ba5a800 Uncommon trap: reason=class_check action=maybe_recompile pc=0x00000000060f84a0 method=com.android.dx.rop.type.Type.equals(Ljava/lang/Object;)Z @ 8
Event: 3421.958 Thread 0x000000005ba5a800 Uncommon trap: reason=class_check action=maybe_recompile pc=0x000000000440cc00 method=com.android.dx.rop.type.Type.equals(Ljava/lang/Object;)Z @ 8
Event: 3421.958 Thread 0x000000005ba5a800 Uncommon trap: reason=bimorphic action=maybe_recompile pc=0x00000000051102c8 method=com.android.dx.rop.code.Rops.opMoveResultPseudo(Lcom/android/dx/rop/type/TypeBearer;)Lcom/android/dx/rop/code/Rop; @ 7
Event: 3421.958 Thread 0x000000005ba5a800 Uncommon trap: reason=bimorphic action=maybe_recompile pc=0x00000000051102c8 method=com.android.dx.rop.code.Rops.opMoveResultPseudo(Lcom/android/dx/rop/type/TypeBearer;)Lcom/android/dx/rop/code/Rop; @ 7
Event: 3421.959 Thread 0x000000005ba5a800 Uncommon trap: reason=bimorphic action=maybe_recompile pc=0x000000000524637c method=com.android.dx.ssa.LiteralOpUpgrader.tryReplacingWithConstant(Lcom/android/dx/ssa/NormalSsaInsn;)Z @ 52
Event: 3421.959 Thread 0x000000005ba5a800 Uncommon trap: reason=bimorphic action=maybe_recompile pc=0x000000000524637c method=com.android.dx.ssa.LiteralOpUpgrader.tryReplacingWithConstant(Lcom/android/dx/ssa/NormalSsaInsn;)Z @ 52
Event: 3421.986 Thread 0x000000005ba5a800 Uncommon trap: reason=bimorphic action=maybe_recompile pc=0x000000000555f370 method=com.android.dx.cf.code.ExecutionStack.peekType(I)Lcom/android/dx/rop/type/Type; @ 5
Event: 3421.986 Thread 0x000000005ba5a800 Uncommon trap: reason=class_check action=maybe_recompile pc=0x00000000050e2a14 method=com.android.dx.cf.code.BaseMachine.addResult(Lcom/android/dx/rop/type/TypeBearer;)V @ 23
Event: 3422.138 Thread 0x000000005ccf4000 Uncommon trap: reason=unstable_if action=reinterpret pc=0x0000000002f6b344 method=java.nio.Bits.getShort(Ljava/nio/ByteBuffer;IZ)S @ 1

Internal exceptions (10 events):
Event: 3149.649 Thread 0x000000005b4b0000 Exception <a 'sun/nio/fs/WindowsException'> (0x00000000eca33d78) thrown at [C:\src\android\AOSP-openjdk\external\jetbrains\jdk\hotspot\src\share\vm\prims\jni.cpp, line 709]
Event: 3150.148 Thread 0x000000005b4b0000 Exception <a 'java/lang/ClassNotFoundException': com/android/build/gradle/internal/TaskManager$2BeanInfo> (0x00000000ed9fa070) thrown at [C:\src\android\AOSP-openjdk\external\jetbrains\jdk\hotspot\src\share\vm\classfile\systemDictionary.cpp, line 210]
Event: 3150.148 Thread 0x000000005b4b0000 Exception <a 'java/lang/ClassNotFoundException': com/android/build/gradle/internal/TaskManager$2Customizer> (0x00000000eda095f0) thrown at [C:\src\android\AOSP-openjdk\external\jetbrains\jdk\hotspot\src\share\vm\classfile\systemDictionary.cpp, line 210]
Event: 3351.153 Thread 0x000000005b4ab800 Exception <a 'java/lang/ClassNotFoundException': asLocalRepo622_eb8qaab3e8mhedr3yyovph8w0BeanInfo> (0x00000000e0944370) thrown at [C:\src\android\AOSP-openjdk\external\jetbrains\jdk\hotspot\src\share\vm\classfile\systemDictionary.cpp, line 210]
Event: 3351.153 Thread 0x000000005b4ab800 Exception <a 'java/lang/ClassNotFoundException': asLocalRepo622_eb8qaab3e8mhedr3yyovph8w0Customizer> (0x00000000e094def8) thrown at [C:\src\android\AOSP-openjdk\external\jetbrains\jdk\hotspot\src\share\vm\classfile\systemDictionary.cpp, line 210]
Event: 3359.501 Thread 0x000000005b4ab800 Implicit null exception at 0x000000000609c3f0 to 0x000000000609cf21
Event: 3416.867 Thread 0x000000005b4ab800 Exception <a 'java/lang/ClassNotFoundException': asLocalRepo938_alezsl1cppbn0efsmp6uz8nljBeanInfo> (0x00000000e0617928) thrown at [C:\src\android\AOSP-openjdk\external\jetbrains\jdk\hotspot\src\share\vm\classfile\systemDictionary.cpp, line 210]
Event: 3416.868 Thread 0x000000005b4ab800 Exception <a 'java/lang/ClassNotFoundException': asLocalRepo938_alezsl1cppbn0efsmp6uz8nljCustomizer> (0x00000000e06214b0) thrown at [C:\src\android\AOSP-openjdk\external\jetbrains\jdk\hotspot\src\share\vm\classfile\systemDictionary.cpp, line 210]
Event: 3503.563 Thread 0x000000005b4b1800 Exception <a 'java/lang/ClassNotFoundException': asLocalRepo236_7uj9pr46g06w07v43dm59bpxmBeanInfo> (0x00000000ea120198) thrown at [C:\src\android\AOSP-openjdk\external\jetbrains\jdk\hotspot\src\share\vm\classfile\systemDictionary.cpp, line 210]
Event: 3503.564 Thread 0x000000005b4b1800 Exception <a 'java/lang/ClassNotFoundException': asLocalRepo236_7uj9pr46g06w07v43dm59bpxmCustomizer> (0x00000000ea129d20) thrown at [C:\src\android\AOSP-openjdk\external\jetbrains\jdk\hotspot\src\share\vm\classfile\systemDictionary.cpp, line 210]

Events (10 events):
Event: 3513.691 Executing VM operation: RevokeBias done
Event: 3513.691 Executing VM operation: RevokeBias
Event: 3513.691 Executing VM operation: RevokeBias done
Event: 3513.691 Executing VM operation: RevokeBias
Event: 3513.691 Executing VM operation: RevokeBias done
Event: 3513.692 Executing VM operation: RevokeBias
Event: 3513.692 Executing VM operation: RevokeBias done
Event: 3513.693 Thread 0x000000005ba5b800 Thread exited: 0x000000005ba5b800
Event: 3513.844 Thread 0x000000005b4b1800 DEOPT PACKING pc=0x0000000005c74e74 sp=0x000000005adfc250
Event: 3513.845 Thread 0x000000005b4b1800 DEOPT UNPACKING pc=0x00000000028571bf sp=0x000000005adfbf70 mode 0


Dynamic libraries:
0x000000013fb00000 - 0x000000013fb31000 	C:\Program Files\Android\Android Studio1\jre\bin\java.exe
0x0000000076f00000 - 0x00000000770ab000 	C:\Windows\SYSTEM32\ntdll.dll
0x0000000076a30000 - 0x0000000076b4f000 	C:\Windows\system32\kernel32.dll
0x000007fefd5d0000 - 0x000007fefd63b000 	C:\Windows\system32\KERNELBASE.dll
0x000007fefe740000 - 0x000007fefe81b000 	C:\Windows\system32\ADVAPI32.dll
0x000007fefe820000 - 0x000007fefe8bf000 	C:\Windows\system32\msvcrt.dll
0x000007fefe8c0000 - 0x000007fefe8df000 	C:\Windows\SYSTEM32\sechost.dll
0x000007fefebd0000 - 0x000007fefecfe000 	C:\Windows\system32\RPCRT4.dll
0x0000000076b50000 - 0x0000000076c4a000 	C:\Windows\system32\USER32.dll
0x000007fefeee0000 - 0x000007fefef47000 	C:\Windows\system32\GDI32.dll
0x000007fefe8e0000 - 0x000007fefe8ee000 	C:\Windows\system32\LPK.dll
0x000007fefd8e0000 - 0x000007fefd9aa000 	C:\Windows\system32\USP10.dll
0x000007fefbfa0000 - 0x000007fefc194000 	C:\Windows\WinSxS\amd64_microsoft.windows.common-controls_6595b64144ccf1df_6.0.7600.16385_none_fa645303170382f6\COMCTL32.dll
0x000007fefed00000 - 0x000007fefed71000 	C:\Windows\system32\SHLWAPI.dll
0x000007fefef60000 - 0x000007fefef8e000 	C:\Windows\system32\IMM32.DLL
0x000007fefed80000 - 0x000007fefee89000 	C:\Windows\system32\MSCTF.dll
0x0000000060f70000 - 0x0000000061042000 	C:\Program Files\Android\Android Studio1\jre\jre\bin\msvcr100.dll
0x0000000059a80000 - 0x000000005a2b4000 	C:\Program Files\Android\Android Studio1\jre\jre\bin\server\jvm.dll
0x000007fef7800000 - 0x000007fef7809000 	C:\Windows\system32\WSOCK32.dll
0x000007fefee90000 - 0x000007fefeedd000 	C:\Windows\system32\WS2_32.dll
0x000007fefef50000 - 0x000007fefef58000 	C:\Windows\system32\NSI.dll
0x000007fefb080000 - 0x000007fefb0bb000 	C:\Windows\system32\WINMM.dll
0x000007fefc490000 - 0x000007fefc49c000 	C:\Windows\system32\VERSION.dll
0x00000000770c0000 - 0x00000000770c7000 	C:\Windows\system32\PSAPI.DLL
0x000007fefae50000 - 0x000007fefae5f000 	C:\Program Files\Android\Android Studio1\jre\jre\bin\verify.dll
0x000007fef6390000 - 0x000007fef63b9000 	C:\Program Files\Android\Android Studio1\jre\jre\bin\java.dll
0x000007fefae30000 - 0x000007fefae46000 	C:\Program Files\Android\Android Studio1\jre\jre\bin\zip.dll
0x000007fefd9b0000 - 0x000007fefe736000 	C:\Windows\system32\SHELL32.dll
0x000007fefe940000 - 0x000007fefeb41000 	C:\Windows\system32\ole32.dll
0x000007fefd370000 - 0x000007fefd37f000 	C:\Windows\system32\profapi.dll
0x000007fefad80000 - 0x000007fefad9a000 	C:\Program Files\Android\Android Studio1\jre\jre\bin\net.dll
0x000007fefcbe0000 - 0x000007fefcc34000 	C:\Windows\system32\mswsock.dll
0x000007fefcbd0000 - 0x000007fefcbd7000 	C:\Windows\System32\wship6.dll
0x000007fef6370000 - 0x000007fef6381000 	C:\Program Files\Android\Android Studio1\jre\jre\bin\nio.dll
0x000007fef0150000 - 0x000007fef0162000 	C:\Users\Ordolar\.gradle\native\19\windows-amd64\native-platform.dll
0x000007fefcc40000 - 0x000007fefcc57000 	C:\Windows\system32\CRYPTSP.dll
0x000007fefc940000 - 0x000007fefc987000 	C:\Windows\system32\rsaenh.dll
0x000007fefc670000 - 0x000007fefc68e000 	C:\Windows\system32\USERENV.dll
0x000007fefd2a0000 - 0x000007fefd2af000 	C:\Windows\system32\CRYPTBASE.dll
0x000007fefad10000 - 0x000007fefad37000 	C:\Windows\system32\IPHLPAPI.DLL
0x000007fefacf0000 - 0x000007fefacfb000 	C:\Windows\system32\WINNSI.DLL
0x000007fefac20000 - 0x000007fefac31000 	C:\Windows\system32\dhcpcsvc6.DLL
0x000007fefac00000 - 0x000007fefac18000 	C:\Windows\system32\dhcpcsvc.DLL
0x000007fefae60000 - 0x000007fefae6d000 	C:\Program Files\Android\Android Studio1\jre\jre\bin\management.dll
0x000007fefd240000 - 0x000007fefd297000 	C:\Windows\system32\apphelp.dll
0x000007fef5340000 - 0x000007fef5465000 	C:\Windows\system32\dbghelp.dll

VM Arguments:
jvm_args: -Xmx1536m -Dfile.encoding=windows-1252 -Duser.country=ES -Duser.language=es -Duser.variant 
java_command: org.gradle.launcher.daemon.bootstrap.GradleDaemon 2.14.1
java_class_path (initial): C:\Program Files\Android\Android Studio1\gradle\gradle-2.14.1\lib\gradle-launcher-2.14.1.jar
Launcher Type: SUN_STANDARD

Environment Variables:
JAVA_HOME=C:\Program Files\Java\jdk1.8.0_65
PATH=C:\oracle\product\10.2.0\db_1\bin;C:\ProgramData\Oracle\Java\javapath;C:\Program Files (x86)\PC Connectivity Solution\;C:\Program Files\Common Files\Microsoft Shared\Windows Live;C:\Program Files (x86)\Common Files\Microsoft Shared\Windows Live;C:\Program Files (x86)\NVIDIA Corporation\PhysX\Common;C:\Windows\system32;C:\Windows;C:\Windows\System32\Wbem;C:\Windows\System32\WindowsPowerShell\v1.0\;C:\Program Files (x86)\Smart Projects\IsoBuster;C:\Program Files (x86)\Microsoft SQL Server\100\Tools\Binn\;C:\Program Files\Microsoft SQL Server\100\Tools\Binn\;C:\Program Files\Microsoft SQL Server\100\DTS\Binn\;C:\Program Files (x86)\Microsoft SQL Server\100\Tools\Binn\VSShell\Common7\IDE\;C:\Program Files (x86)\Microsoft SQL Server\100\DTS\Binn\;c:\Program Files (x86)\Microsoft SQL Server\90\Tools\binn\;C:\Program Files (x86)\Common Files\Ulead Systems\MPEG;C:\Program Files (x86)\Windows Live\Shared;C:\Program Files (x86)\Common Files\Adobe\AGL;C:\Program Files\MySQL\MySQL Utilities 1.6\;C:\Program Files (x86)\SSH Communications Security\SSH Secure Shell
USERNAME=Ordolar
OS=Windows_NT
PROCESSOR_IDENTIFIER=Intel64 Family 6 Model 23 Stepping 10, GenuineIntel



---------------  S Y S T E M  ---------------

OS: Windows 7 , 64 bit Build 7600 (6.1.7600.16385)

CPU:total 2 (2 cores per cpu, 1 threads per core) family 6 model 23 stepping 10, cmov, cx8, fxsr, mmx, sse, sse2, sse3, ssse3, tsc

Memory: 4k page, physical 4193524k(193252k free), swap 9095076k(773728k free)

vm_info: OpenJDK 64-Bit Server VM (25.76-b03) for windows-amd64 JRE (1.8.0_76-release-b03), built on Jun 29 2016 19:09:20 by "ralucas" with MS VC++ 10.0 (VS2010)

time: Fri Feb 03 11:19:10 2017
elapsed time: 3515 seconds (0d 0h 58m 35s)

