#
# A fatal error has been detected by the Java Runtime Environment:
#
#  EXCEPTION_ACCESS_VIOLATION (0xc0000005) at pc=0xffffffffa37e5120, pid=5356, tid=0x0000000000001744
#
# JRE version: OpenJDK Runtime Environment (8.0_76-b03) (build 1.8.0_76-release-b03)
# Java VM: OpenJDK 64-Bit Server VM (25.76-b03 mixed mode windows-amd64 compressed oops)
# Problematic frame:
# C  0xffffffffa37e5120
#
# Failed to write core dump. Minidumps are not enabled by default on client versions of Windows
#
# If you would like to submit a bug report, please visit:
#   http://bugreport.java.com/bugreport/crash.jsp
#

---------------  T H R E A D  ---------------

Current thread (0x0000000058b9c800):  JavaThread "Daemon worker Thread 4" [_thread_in_Java, id=5956, stack(0x000000005acc0000,0x000000005adc0000)]

siginfo: ExceptionCode=0xc0000005, ExceptionInformation=0x0000000000000008 0xffffffffa37e5120

Registers:
RAX=0x00000000557d8510, RBX=0x00000000557d8510, RCX=0x00000000ea30acc0, RDX=0x00000000ea30acc0
RSP=0x000000005adbc3b8, RBP=0x000000005adbc430, RSI=0x00000000116a0000, RDI=0x000000000000003c
R8 =0x00000000ea2c1d98, R9 =0x0000000000000671, R10=0x000000005a221bc0, R11=0x0000000002cba120
R12=0x0000000000000000, R13=0x000000005adbc3d0, R14=0x000000005adbc470, R15=0x0000000058b9c800
RIP=0xffffffffa37e5120, EFLAGS=0x0000000000010206

Top of Stack: (sp=0x000000005adbc3b8)
0x000000005adbc3b8:   00000000027e7790 000000005adbc430
0x000000005adbc3c8:   00000000027e7790 000000000000003c
0x000000005adbc3d8:   0000000000000671 00000000ea2c1d98
0x000000005adbc3e8:   00000000ea30acc0 000000005adbc3f0
0x000000005adbc3f8:   0000000060699968 000000005adbc470
0x000000005adbc408:   000000006069a398 000000005f42e848
0x000000005adbc418:   0000000060699a50 000000005adbc3d0
0x000000005adbc428:   000000005adbc480 000000005adbc558
0x000000005adbc438:   000000000392bf64 0000000000001000
0x000000005adbc448:   0000000000000671 00000000000006ad
0x000000005adbc458:   0000000000001000 0000000000000000
0x000000005adbc468:   00000000ea2c1d98 00000000ea2c3df8
0x000000005adbc478:   000000000392bf64 000000005582ec80
0x000000005adbc488:   00000000ea2bfba0 00000000ea2bfb90
0x000000005adbc498:   0000000002c65f30 00000000027e7225
0x000000005adbc4a8:   0000000000000202 000000005adbc558 

Instructions: (pc=0xffffffffa37e5120)
0xffffffffa37e5100:   
[error occurred during error reporting (printing registers, top of stack, instructions near pc), id 0xc0000005]

Register to memory mapping:

RAX={method} {0x00000000557d8518} 'append' '([CII)Ljava/lang/StringBuilder;' in 'java/lang/StringBuilder'
RBX={method} {0x00000000557d8518} 'append' '([CII)Ljava/lang/StringBuilder;' in 'java/lang/StringBuilder'
RCX=0x00000000ea30acc0 is an oop
java.lang.StringBuilder 
 - klass: 'java/lang/StringBuilder'
RDX=0x00000000ea30acc0 is an oop
java.lang.StringBuilder 
 - klass: 'java/lang/StringBuilder'
RSP=0x000000005adbc3b8 is pointing into the stack for thread: 0x0000000058b9c800
RBP=0x000000005adbc430 is pointing into the stack for thread: 0x0000000058b9c800
RSI=0x00000000116a0000 is an unknown value
RDI=0x000000000000003c is an unknown value
R8 =0x00000000ea2c1d98 is an oop
[C 
 - klass: {type array char}
 - length: 4096
R9 =0x0000000000000671 is an unknown value
R10=0x000000005a221bc0 is an unknown value
R11=0x0000000002cba120 is at entry_point+32 in (nmethod*)0x0000000002cb9f90
R12=0x0000000000000000 is an unknown value
R13=0x000000005adbc3d0 is pointing into the stack for thread: 0x0000000058b9c800
R14=0x000000005adbc470 is pointing into the stack for thread: 0x0000000058b9c800
R15=0x0000000058b9c800 is a thread


Stack: [0x000000005acc0000,0x000000005adc0000],  sp=0x000000005adbc3b8,  free space=1008k
Native frames: (J=compiled Java code, j=interpreted, Vv=VM code, C=native code)
C  0xffffffffa37e5120


---------------  P R O C E S S  ---------------

Java Threads: ( => current thread )
  0x0000000058b9f800 JavaThread "Stdin handler" [_thread_blocked, id=1516, stack(0x000000005aee0000,0x000000005afe0000)]
  0x0000000058b9e800 JavaThread "Asynchronous log dispatcher for org.gradle.launcher.daemon.server.DefaultDaemonConnection@5b5e5411" [_thread_blocked, id=2800, stack(0x000000005a690000,0x000000005a790000)]
  0x0000000058b9e000 JavaThread "Cancel handler" [_thread_blocked, id=6244, stack(0x000000005a8b0000,0x000000005a9b0000)]
  0x0000000058b9d000 JavaThread "Handler for socket connection from /127.0.0.1:51235 to /127.0.0.1:51602" [_thread_in_native, id=2120, stack(0x000000005adc0000,0x000000005aec0000)]
=>0x0000000058b9c800 JavaThread "Daemon worker Thread 4" [_thread_in_Java, id=5956, stack(0x000000005acc0000,0x000000005adc0000)]
  0x0000000058b9b800 JavaThread "Daemon Thread 4" [_thread_blocked, id=6544, stack(0x000000005a7b0000,0x000000005a8b0000)]
  0x0000000058b30800 JavaThread "File lock request listener" [_thread_in_native, id=2520, stack(0x000000005c4b0000,0x000000005c5b0000)]
  0x0000000058852000 JavaThread "pool-1-thread-1" [_thread_blocked, id=6424, stack(0x000000005a590000,0x000000005a690000)]
  0x00000000587ff800 JavaThread "Incoming local TCP Connector on port 51235" [_thread_in_native, id=6580, stack(0x00000000598d0000,0x00000000599d0000)]
  0x00000000560fc800 JavaThread "Service Thread" daemon [_thread_blocked, id=4900, stack(0x0000000057760000,0x0000000057860000)]
  0x00000000560f7800 JavaThread "C1 CompilerThread1" daemon [_thread_blocked, id=3736, stack(0x00000000574f0000,0x00000000575f0000)]
  0x00000000560f5000 JavaThread "C2 CompilerThread0" daemon [_thread_blocked, id=4244, stack(0x0000000056e90000,0x0000000056f90000)]
  0x00000000560f3800 JavaThread "Attach Listener" daemon [_thread_blocked, id=4236, stack(0x0000000057350000,0x0000000057450000)]
  0x0000000056102000 JavaThread "Signal Dispatcher" daemon [_thread_blocked, id=7064, stack(0x0000000057170000,0x0000000057270000)]
  0x00000000560d6800 JavaThread "Finalizer" daemon [_thread_blocked, id=6512, stack(0x0000000056fb0000,0x00000000570b0000)]
  0x0000000056093000 JavaThread "Reference Handler" daemon [_thread_blocked, id=6072, stack(0x0000000056d80000,0x0000000056e80000)]
  0x00000000022de800 JavaThread "main" [_thread_blocked, id=6472, stack(0x0000000002410000,0x0000000002510000)]

Other Threads:
  0x000000005608a800 VMThread [stack: 0x0000000056b70000,0x0000000056c70000] [id=5408]
  0x0000000056103800 WatcherThread [stack: 0x0000000057970000,0x0000000057a70000] [id=5364]

VM state:not at safepoint (normal execution)

VM Mutex/Monitor currently owned by a thread: None

Heap:
 PSYoungGen      total 221184K, used 172803K [0x00000000e0000000, 0x00000000f5800000, 0x0000000100000000)
  eden space 202752K, 85% used [0x00000000e0000000,0x00000000ea8c0c40,0x00000000ec600000)
  from space 18432K, 0% used [0x00000000edb00000,0x00000000edb00000,0x00000000eed00000)
  to   space 21504K, 0% used [0x00000000ec600000,0x00000000ec600000,0x00000000edb00000)
 ParOldGen       total 82944K, used 44137K [0x00000000a0000000, 0x00000000a5100000, 0x00000000e0000000)
  object space 82944K, 53% used [0x00000000a0000000,0x00000000a2b1a670,0x00000000a5100000)
 Metaspace       used 66988K, capacity 69842K, committed 71344K, reserved 1110016K
  class space    used 8906K, capacity 9433K, committed 9904K, reserved 1048576K

Card table byte_map: [0x0000000011ba0000,0x0000000011eb0000] byte_map_base: 0x00000000116a0000

Marking Bits: (ParMarkBitMap*) 0x000000005a239d00
 Begin Bits: [0x0000000012460000, 0x0000000013c60000)
 End Bits:   [0x0000000013c60000, 0x0000000015460000)

Polling page: 0x0000000000130000

CodeCache: size=245760Kb used=30483Kb max_used=30670Kb free=215276Kb
 bounds [0x00000000027e0000, 0x0000000004600000, 0x00000000117e0000]
 total_blobs=9801 nmethods=9087 adapters=627
 compilation: enabled

Compilation events (10 events):
Event: 3127.227 Thread 0x00000000560f7800 10785       3       com.google.common.io.LineReader::readLine (105 bytes)
Event: 3127.228 Thread 0x00000000560f5000 10787       4       java.lang.StringBuilder::append (10 bytes)
Event: 3127.228 Thread 0x00000000560f7800 nmethod 10785 0x000000000392b890 code [0x000000000392baa0, 0x000000000392c578]
Event: 3127.229 Thread 0x00000000560f7800 10783       3       com.google.common.io.LineBuffer::finishLine (61 bytes)
Event: 3127.230 Thread 0x00000000560f7800 nmethod 10783 0x0000000002f74010 code [0x0000000002f741c0, 0x0000000002f748b8]
Event: 3127.231 Thread 0x00000000560f7800 10784       3       com.google.common.io.LineReader$1::handleLine (15 bytes)
Event: 3127.231 Thread 0x00000000560f7800 nmethod 10784 0x00000000031ff3d0 code [0x00000000031ff540, 0x00000000031ff768]
Event: 3127.232 Thread 0x00000000560f7800 10786       3       com.google.common.io.Files$1::processLine (13 bytes)
Event: 3127.232 Thread 0x00000000560f7800 nmethod 10786 0x00000000035e0e90 code [0x00000000035e1000, 0x00000000035e1228]
Event: 3127.234 Thread 0x00000000560f5000 nmethod 10787 0x000000000392b050 code [0x000000000392b1a0, 0x000000000392b518]

GC Heap History (10 events):
Event: 506.450 GC heap before
{Heap before GC invocations=17 (full 4):
 PSYoungGen      total 221184K, used 135438K [0x00000000e0000000, 0x00000000eed00000, 0x0000000100000000)
  eden space 203264K, 66% used [0x00000000e0000000,0x00000000e84438a8,0x00000000ec680000)
  from space 17920K, 0% used [0x00000000ec680000,0x00000000ec680000,0x00000000ed800000)
  to   space 18432K, 0% used [0x00000000edb00000,0x00000000edb00000,0x00000000eed00000)
 ParOldGen       total 45056K, used 40750K [0x00000000a0000000, 0x00000000a2c00000, 0x00000000e0000000)
  object space 45056K, 90% used [0x00000000a0000000,0x00000000a27cba10,0x00000000a2c00000)
 Metaspace       used 54084K, capacity 56390K, committed 56624K, reserved 1097728K
  class space    used 7334K, capacity 7888K, committed 7984K, reserved 1048576K
Event: 508.404 GC heap after
Heap after GC invocations=17 (full 4):
 PSYoungGen      total 221184K, used 785K [0x00000000e0000000, 0x00000000eed00000, 0x0000000100000000)
  eden space 203264K, 0% used [0x00000000e0000000,0x00000000e00c4650,0x00000000ec680000)
  from space 17920K, 0% used [0x00000000ec680000,0x00000000ec680000,0x00000000ed800000)
  to   space 18432K, 0% used [0x00000000edb00000,0x00000000edb00000,0x00000000eed00000)
 ParOldGen       total 45056K, used 45045K [0x00000000a0000000, 0x00000000a2c00000, 0x00000000e0000000)
  object space 45056K, 99% used [0x00000000a0000000,0x00000000a2bfd798,0x00000000a2c00000)
 Metaspace       used 54084K, capacity 56390K, committed 56624K, reserved 1097728K
  class space    used 7334K, capacity 7888K, committed 7984K, reserved 1048576K
}
Event: 1319.383 GC heap before
{Heap before GC invocations=18 (full 5):
 PSYoungGen      total 221184K, used 158751K [0x00000000e0000000, 0x00000000eed00000, 0x0000000100000000)
  eden space 203264K, 78% used [0x00000000e0000000,0x00000000e9b07e18,0x00000000ec680000)
  from space 17920K, 0% used [0x00000000ec680000,0x00000000ec680000,0x00000000ed800000)
  to   space 18432K, 0% used [0x00000000edb00000,0x00000000edb00000,0x00000000eed00000)
 ParOldGen       total 45056K, used 45045K [0x00000000a0000000, 0x00000000a2c00000, 0x00000000e0000000)
  object space 45056K, 99% used [0x00000000a0000000,0x00000000a2bfd798,0x00000000a2c00000)
 Metaspace       used 56724K, capacity 59252K, committed 59440K, reserved 1099776K
  class space    used 7626K, capacity 8213K, committed 8240K, reserved 1048576K
Event: 1319.903 GC heap after
Heap after GC invocations=18 (full 5):
 PSYoungGen      total 221184K, used 3236K [0x00000000e0000000, 0x00000000eed00000, 0x0000000100000000)
  eden space 203264K, 1% used [0x00000000e0000000,0x00000000e0329108,0x00000000ec680000)
  from space 17920K, 0% used [0x00000000ec680000,0x00000000ec680000,0x00000000ed800000)
  to   space 18432K, 0% used [0x00000000edb00000,0x00000000edb00000,0x00000000eed00000)
 ParOldGen       total 45056K, used 45052K [0x00000000a0000000, 0x00000000a2c00000, 0x00000000e0000000)
  object space 45056K, 99% used [0x00000000a0000000,0x00000000a2bff098,0x00000000a2c00000)
 Metaspace       used 56724K, capacity 59252K, committed 59440K, reserved 1099776K
  class space    used 7626K, capacity 8213K, committed 8240K, reserved 1048576K
}
Event: 3090.311 GC heap before
{Heap before GC invocations=19 (full 6):
 PSYoungGen      total 221184K, used 203264K [0x00000000e0000000, 0x00000000eed00000, 0x0000000100000000)
  eden space 203264K, 100% used [0x00000000e0000000,0x00000000ec680000,0x00000000ec680000)
  from space 17920K, 0% used [0x00000000ec680000,0x00000000ec680000,0x00000000ed800000)
  to   space 18432K, 0% used [0x00000000edb00000,0x00000000edb00000,0x00000000eed00000)
 ParOldGen       total 45056K, used 45052K [0x00000000a0000000, 0x00000000a2c00000, 0x00000000e0000000)
  object space 45056K, 99% used [0x00000000a0000000,0x00000000a2bff098,0x00000000a2c00000)
 Metaspace       used 62445K, capacity 65184K, committed 65456K, reserved 1105920K
  class space    used 8403K, capacity 9031K, committed 9136K, reserved 1048576K
Event: 3091.143 GC heap after
Heap after GC invocations=19 (full 6):
 PSYoungGen      total 221184K, used 15176K [0x00000000e0000000, 0x00000000eed00000, 0x0000000100000000)
  eden space 203264K, 7% used [0x00000000e0000000,0x00000000e0ed2180,0x00000000ec680000)
  from space 17920K, 0% used [0x00000000ec680000,0x00000000ec680000,0x00000000ed800000)
  to   space 18432K, 0% used [0x00000000edb00000,0x00000000edb00000,0x00000000eed00000)
 ParOldGen       total 82944K, used 44907K [0x00000000a0000000, 0x00000000a5100000, 0x00000000e0000000)
  object space 82944K, 54% used [0x00000000a0000000,0x00000000a2bdad88,0x00000000a5100000)
 Metaspace       used 62445K, capacity 65184K, committed 65456K, reserved 1105920K
  class space    used 8403K, capacity 9031K, committed 9136K, reserved 1048576K
}
Event: 3095.925 GC heap before
{Heap before GC invocations=20 (full 6):
 PSYoungGen      total 221184K, used 161384K [0x00000000e0000000, 0x00000000eed00000, 0x0000000100000000)
  eden space 203264K, 79% used [0x00000000e0000000,0x00000000e9d9a000,0x00000000ec680000)
  from space 17920K, 0% used [0x00000000ec680000,0x00000000ec680000,0x00000000ed800000)
  to   space 18432K, 0% used [0x00000000edb00000,0x00000000edb00000,0x00000000eed00000)
 ParOldGen       total 82944K, used 44907K [0x00000000a0000000, 0x00000000a5100000, 0x00000000e0000000)
  object space 82944K, 54% used [0x00000000a0000000,0x00000000a2bdad88,0x00000000a5100000)
 Metaspace       used 67624K, capacity 71096K, committed 71344K, reserved 1110016K
  class space    used 9104K, capacity 9862K, committed 9904K, reserved 1048576K
Event: 3096.368 GC heap after
Heap after GC invocations=20 (full 6):
 PSYoungGen      total 221184K, used 18431K [0x00000000e0000000, 0x00000000f5800000, 0x0000000100000000)
  eden space 202752K, 0% used [0x00000000e0000000,0x00000000e0000000,0x00000000ec600000)
  from space 18432K, 99% used [0x00000000edb00000,0x00000000eecffcd8,0x00000000eed00000)
  to   space 21504K, 0% used [0x00000000ec600000,0x00000000ec600000,0x00000000edb00000)
 ParOldGen       total 82944K, used 45495K [0x00000000a0000000, 0x00000000a5100000, 0x00000000e0000000)
  object space 82944K, 54% used [0x00000000a0000000,0x00000000a2c6dfb0,0x00000000a5100000)
 Metaspace       used 67624K, capacity 71096K, committed 71344K, reserved 1110016K
  class space    used 9104K, capacity 9862K, committed 9904K, reserved 1048576K
}
Event: 3096.368 GC heap before
{Heap before GC invocations=21 (full 7):
 PSYoungGen      total 221184K, used 18431K [0x00000000e0000000, 0x00000000f5800000, 0x0000000100000000)
  eden space 202752K, 0% used [0x00000000e0000000,0x00000000e0000000,0x00000000ec600000)
  from space 18432K, 99% used [0x00000000edb00000,0x00000000eecffcd8,0x00000000eed00000)
  to   space 21504K, 0% used [0x00000000ec600000,0x00000000ec600000,0x00000000edb00000)
 ParOldGen       total 82944K, used 45495K [0x00000000a0000000, 0x00000000a5100000, 0x00000000e0000000)
  object space 82944K, 54% used [0x00000000a0000000,0x00000000a2c6dfb0,0x00000000a5100000)
 Metaspace       used 67624K, capacity 71096K, committed 71344K, reserved 1110016K
  class space    used 9104K, capacity 9862K, committed 9904K, reserved 1048576K
Event: 3097.672 GC heap after
Heap after GC invocations=21 (full 7):
 PSYoungGen      total 221184K, used 0K [0x00000000e0000000, 0x00000000f5800000, 0x0000000100000000)
  eden space 202752K, 0% used [0x00000000e0000000,0x00000000e0000000,0x00000000ec600000)
  from space 18432K, 0% used [0x00000000edb00000,0x00000000edb00000,0x00000000eed00000)
  to   space 21504K, 0% used [0x00000000ec600000,0x00000000ec600000,0x00000000edb00000)
 ParOldGen       total 82944K, used 44137K [0x00000000a0000000, 0x00000000a5100000, 0x00000000e0000000)
  object space 82944K, 53% used [0x00000000a0000000,0x00000000a2b1a670,0x00000000a5100000)
 Metaspace       used 65113K, capacity 67716K, committed 71344K, reserved 1110016K
  class space    used 8660K, capacity 9182K, committed 9904K, reserved 1048576K
}

Deoptimization events (10 events):
Event: 3111.642 Thread 0x0000000058b9c800 Uncommon trap: reason=unstable_if action=reinterpret pc=0x0000000002cc4860 method=java.util.concurrent.ConcurrentLinkedQueue.poll()Ljava/lang/Object; @ 61
Event: 3112.152 Thread 0x0000000058b9c800 Uncommon trap: reason=bimorphic action=maybe_recompile pc=0x00000000042619c0 method=com.sun.org.apache.xerces.internal.impl.XMLEntityScanner.load(IZZ)Z @ 81
Event: 3112.237 Thread 0x0000000058b9c800 Uncommon trap: reason=bimorphic action=maybe_recompile pc=0x00000000042619c0 method=com.sun.org.apache.xerces.internal.impl.XMLEntityScanner.load(IZZ)Z @ 81
Event: 3112.391 Thread 0x0000000058b9c800 Uncommon trap: reason=bimorphic action=maybe_recompile pc=0x00000000042619c0 method=com.sun.org.apache.xerces.internal.impl.XMLEntityScanner.load(IZZ)Z @ 81
Event: 3112.531 Thread 0x0000000058b9c800 Uncommon trap: reason=bimorphic action=maybe_recompile pc=0x00000000042619c0 method=com.sun.org.apache.xerces.internal.impl.XMLEntityScanner.load(IZZ)Z @ 81
Event: 3113.026 Thread 0x0000000058b9c800 Uncommon trap: reason=unstable_if action=reinterpret pc=0x0000000002b50d7c method=sun.nio.cs.SingleByte$Encoder.encodeArrayLoop(Ljava/nio/CharBuffer;Ljava/nio/ByteBuffer;)Ljava/nio/charset/CoderResult; @ 70
Event: 3113.080 Thread 0x0000000058b9c800 Uncommon trap: reason=predicate action=maybe_recompile pc=0x0000000002ece240 method=java.util.Collections.indexedBinarySearch(Ljava/util/List;Ljava/lang/Object;)I @ 16
Event: 3113.110 Thread 0x0000000058b9c800 Uncommon trap: reason=unstable_if action=reinterpret pc=0x00000000029ee328 method=java.io.BufferedOutputStream.write([BII)V @ 35
Event: 3113.605 Thread 0x0000000058b9c800 Uncommon trap: reason=unstable_if action=reinterpret pc=0x0000000003dcfd5c method=java.util.regex.Pattern.append(II)V @ 6
Event: 3113.617 Thread 0x0000000058b9c800 Uncommon trap: reason=unstable_if action=reinterpret pc=0x0000000003689bb4 method=java.util.regex.Pattern.append(II)V @ 6

Internal exceptions (10 events):
Event: 3107.516 Thread 0x0000000058b9c800 Exception <a 'sun/nio/fs/WindowsException'> (0x00000000e58190f8) thrown at [C:\src\android\AOSP-openjdk\external\jetbrains\jdk\hotspot\src\share\vm\prims\jni.cpp, line 709]
Event: 3107.516 Thread 0x0000000058b9c800 Exception <a 'sun/nio/fs/WindowsException'> (0x00000000e581ac70) thrown at [C:\src\android\AOSP-openjdk\external\jetbrains\jdk\hotspot\src\share\vm\prims\jni.cpp, line 709]
Event: 3107.516 Thread 0x0000000058b9c800 Exception <a 'sun/nio/fs/WindowsException'> (0x00000000e581b7d8) thrown at [C:\src\android\AOSP-openjdk\external\jetbrains\jdk\hotspot\src\share\vm\prims\jni.cpp, line 709]
Event: 3108.428 Thread 0x0000000058b9c800 Exception <a 'java/lang/NoSuchMethodError': <clinit>> (0x00000000e72a9248) thrown at [C:\src\android\AOSP-openjdk\external\jetbrains\jdk\hotspot\src\share\vm\prims\jni.cpp, line 1591]
Event: 3108.429 Thread 0x0000000058b9c800 Exception <a 'java/lang/NoSuchMethodError': <clinit>> (0x00000000e72b60d8) thrown at [C:\src\android\AOSP-openjdk\external\jetbrains\jdk\hotspot\src\share\vm\prims\jni.cpp, line 1591]
Event: 3108.455 Thread 0x0000000058b9c800 Exception <a 'java/lang/NoSuchMethodError': <clinit>> (0x00000000e73909a0) thrown at [C:\src\android\AOSP-openjdk\external\jetbrains\jdk\hotspot\src\share\vm\prims\jni.cpp, line 1591]
Event: 3108.458 Thread 0x0000000058b9c800 Exception <a 'java/lang/NoSuchMethodError': <clinit>> (0x00000000e73a9448) thrown at [C:\src\android\AOSP-openjdk\external\jetbrains\jdk\hotspot\src\share\vm\prims\jni.cpp, line 1591]
Event: 3108.458 Thread 0x0000000058b9c800 Exception <a 'java/lang/NoSuchMethodError': <clinit>> (0x00000000e73aa8b8) thrown at [C:\src\android\AOSP-openjdk\external\jetbrains\jdk\hotspot\src\share\vm\prims\jni.cpp, line 1591]
Event: 3109.431 Thread 0x0000000058b9c800 Implicit null exception at 0x00000000042444af to 0x0000000004249fe9
Event: 3111.636 Thread 0x0000000058b9c800 Implicit null exception at 0x0000000003456340 to 0x000000000345b84d

Events (10 events):
Event: 3127.228 Thread 0x00000000560f7800 flushing nmethod 0x00000000031ff510
Event: 3127.229 Thread 0x00000000560f7800 flushing nmethod 0x00000000032fab10
Event: 3127.230 Thread 0x00000000560f7800 flushing nmethod 0x000000000337fbd0
Event: 3127.232 Thread 0x00000000560f7800 flushing nmethod 0x000000000353a5d0
Event: 3127.232 Thread 0x00000000560f7800 flushing nmethod 0x000000000356cbd0
Event: 3127.232 Thread 0x00000000560f7800 flushing nmethod 0x00000000035e1010
Event: 3127.232 Thread 0x00000000560f7800 flushing nmethod 0x00000000035f2b50
Event: 3127.234 Thread 0x00000000560f7800 flushing nmethod 0x00000000037dc490
Event: 3127.234 Thread 0x00000000560f7800 flushing nmethod 0x00000000037e2f10
Event: 3127.234 Thread 0x00000000560f7800 flushing nmethod 0x00000000037f8e10


Dynamic libraries:
0x000000013f1f0000 - 0x000000013f221000 	C:\Program Files\Android\Android Studio1\jre\bin\java.exe
0x0000000076f00000 - 0x00000000770ab000 	C:\Windows\SYSTEM32\ntdll.dll
0x0000000076a30000 - 0x0000000076b4f000 	C:\Windows\system32\kernel32.dll
0x000007fefd5d0000 - 0x000007fefd63b000 	C:\Windows\system32\KERNELBASE.dll
0x000007fefe740000 - 0x000007fefe81b000 	C:\Windows\system32\ADVAPI32.dll
0x000007fefe820000 - 0x000007fefe8bf000 	C:\Windows\system32\msvcrt.dll
0x000007fefe8c0000 - 0x000007fefe8df000 	C:\Windows\SYSTEM32\sechost.dll
0x000007fefebd0000 - 0x000007fefecfe000 	C:\Windows\system32\RPCRT4.dll
0x0000000076b50000 - 0x0000000076c4a000 	C:\Windows\system32\USER32.dll
0x000007fefeee0000 - 0x000007fefef47000 	C:\Windows\system32\GDI32.dll
0x000007fefe8e0000 - 0x000007fefe8ee000 	C:\Windows\system32\LPK.dll
0x000007fefd8e0000 - 0x000007fefd9aa000 	C:\Windows\system32\USP10.dll
0x000007fefbfa0000 - 0x000007fefc194000 	C:\Windows\WinSxS\amd64_microsoft.windows.common-controls_6595b64144ccf1df_6.0.7600.16385_none_fa645303170382f6\COMCTL32.dll
0x000007fefed00000 - 0x000007fefed71000 	C:\Windows\system32\SHLWAPI.dll
0x000007fefef60000 - 0x000007fefef8e000 	C:\Windows\system32\IMM32.DLL
0x000007fefed80000 - 0x000007fefee89000 	C:\Windows\system32\MSCTF.dll
0x000000006c140000 - 0x000000006c212000 	C:\Program Files\Android\Android Studio1\jre\jre\bin\msvcr100.dll
0x0000000059a80000 - 0x000000005a2b4000 	C:\Program Files\Android\Android Studio1\jre\jre\bin\server\jvm.dll
0x000007fef7800000 - 0x000007fef7809000 	C:\Windows\system32\WSOCK32.dll
0x000007fefee90000 - 0x000007fefeedd000 	C:\Windows\system32\WS2_32.dll
0x000007fefef50000 - 0x000007fefef58000 	C:\Windows\system32\NSI.dll
0x000007fefb080000 - 0x000007fefb0bb000 	C:\Windows\system32\WINMM.dll
0x000007fefc490000 - 0x000007fefc49c000 	C:\Windows\system32\VERSION.dll
0x00000000770c0000 - 0x00000000770c7000 	C:\Windows\system32\PSAPI.DLL
0x000007fefae50000 - 0x000007fefae5f000 	C:\Program Files\Android\Android Studio1\jre\jre\bin\verify.dll
0x000007fef6390000 - 0x000007fef63b9000 	C:\Program Files\Android\Android Studio1\jre\jre\bin\java.dll
0x000007fefae30000 - 0x000007fefae46000 	C:\Program Files\Android\Android Studio1\jre\jre\bin\zip.dll
0x000007fefd9b0000 - 0x000007fefe736000 	C:\Windows\system32\SHELL32.dll
0x000007fefe940000 - 0x000007fefeb41000 	C:\Windows\system32\ole32.dll
0x000007fefd370000 - 0x000007fefd37f000 	C:\Windows\system32\profapi.dll
0x000007fefad80000 - 0x000007fefad9a000 	C:\Program Files\Android\Android Studio1\jre\jre\bin\net.dll
0x000007fefcbe0000 - 0x000007fefcc34000 	C:\Windows\system32\mswsock.dll
0x000007fefcbd0000 - 0x000007fefcbd7000 	C:\Windows\System32\wship6.dll
0x000007fef6370000 - 0x000007fef6381000 	C:\Program Files\Android\Android Studio1\jre\jre\bin\nio.dll
0x000007fef0150000 - 0x000007fef0162000 	C:\Users\Ordolar\.gradle\native\19\windows-amd64\native-platform.dll
0x000007fefcc40000 - 0x000007fefcc57000 	C:\Windows\system32\CRYPTSP.dll
0x000007fefc940000 - 0x000007fefc987000 	C:\Windows\system32\rsaenh.dll
0x000007fefc670000 - 0x000007fefc68e000 	C:\Windows\system32\USERENV.dll
0x000007fefd2a0000 - 0x000007fefd2af000 	C:\Windows\system32\CRYPTBASE.dll
0x000007fefad10000 - 0x000007fefad37000 	C:\Windows\system32\IPHLPAPI.DLL
0x000007fefacf0000 - 0x000007fefacfb000 	C:\Windows\system32\WINNSI.DLL
0x000007fefac20000 - 0x000007fefac31000 	C:\Windows\system32\dhcpcsvc6.DLL
0x000007fefac00000 - 0x000007fefac18000 	C:\Windows\system32\dhcpcsvc.DLL
0x000007fefae60000 - 0x000007fefae6d000 	C:\Program Files\Android\Android Studio1\jre\jre\bin\management.dll
0x000007fefd240000 - 0x000007fefd297000 	C:\Windows\system32\apphelp.dll
0x000007fef5340000 - 0x000007fef5465000 	C:\Windows\system32\dbghelp.dll

VM Arguments:
jvm_args: -Xmx1536m -Dfile.encoding=windows-1252 -Duser.country=ES -Duser.language=es -Duser.variant 
java_command: org.gradle.launcher.daemon.bootstrap.GradleDaemon 2.14.1
java_class_path (initial): C:\Program Files\Android\Android Studio1\gradle\gradle-2.14.1\lib\gradle-launcher-2.14.1.jar
Launcher Type: SUN_STANDARD

Environment Variables:
JAVA_HOME=C:\Program Files\Java\jdk1.8.0_65
PATH=C:\oracle\product\10.2.0\db_1\bin;C:\ProgramData\Oracle\Java\javapath;C:\Program Files (x86)\PC Connectivity Solution\;C:\Program Files\Common Files\Microsoft Shared\Windows Live;C:\Program Files (x86)\Common Files\Microsoft Shared\Windows Live;C:\Program Files (x86)\NVIDIA Corporation\PhysX\Common;C:\Windows\system32;C:\Windows;C:\Windows\System32\Wbem;C:\Windows\System32\WindowsPowerShell\v1.0\;C:\Program Files (x86)\Smart Projects\IsoBuster;C:\Program Files (x86)\Microsoft SQL Server\100\Tools\Binn\;C:\Program Files\Microsoft SQL Server\100\Tools\Binn\;C:\Program Files\Microsoft SQL Server\100\DTS\Binn\;C:\Program Files (x86)\Microsoft SQL Server\100\Tools\Binn\VSShell\Common7\IDE\;C:\Program Files (x86)\Microsoft SQL Server\100\DTS\Binn\;c:\Program Files (x86)\Microsoft SQL Server\90\Tools\binn\;C:\Program Files (x86)\Common Files\Ulead Systems\MPEG;C:\Program Files (x86)\Windows Live\Shared;C:\Program Files (x86)\Common Files\Adobe\AGL;C:\Program Files\MySQL\MySQL Utilities 1.6\;C:\Program Files (x86)\SSH Communications Security\SSH Secure Shell
USERNAME=Ordolar
OS=Windows_NT
PROCESSOR_IDENTIFIER=Intel64 Family 6 Model 23 Stepping 10, GenuineIntel



---------------  S Y S T E M  ---------------

OS: Windows 7 , 64 bit Build 7600 (6.1.7600.16385)

CPU:total 2 (2 cores per cpu, 1 threads per core) family 6 model 23 stepping 10, cmov, cx8, fxsr, mmx, sse, sse2, sse3, ssse3, tsc

Memory: 4k page, physical 4193524k(855264k free), swap 8385148k(2238384k free)

vm_info: OpenJDK 64-Bit Server VM (25.76-b03) for windows-amd64 JRE (1.8.0_76-release-b03), built on Jun 29 2016 19:09:20 by "ralucas" with MS VC++ 10.0 (VS2010)

time: Fri Feb 03 10:10:28 2017
elapsed time: 3127 seconds (0d 0h 52m 7s)

